Removed Member From Class: ClassName=11_Clock Member=C173
Removed Member From Class: ClassName=05_LMS7002M_Misc Member=C?
Removed Member From Class: ClassName=08_BB_Processor Member=C?
Removed Member From Class: ClassName=09_ADC_Drivers Member=C?
Removed Member From Class: ClassName=10_Misc Member=C?
Removed Member From Class: ClassName=09_ADC_Drivers Member=FR?
Removed Member From Class: ClassName=08_BB_Processor Member=IC?
Removed Member From Class: ClassName=09_ADC_Drivers Member=IC?
Removed Member From Class: ClassName=08_BB_Processor Member=R17
Removed Member From Class: ClassName=11_Clock Member=R59
Removed Member From Class: ClassName=11_Clock Member=R62
Removed Member From Class: ClassName=09_ADC_Drivers Member=R63
Removed Member From Class: ClassName=11_Clock Member=R63
Removed Member From Class: ClassName=10_Misc Member=R82
Removed Member From Class: ClassName=05_LMS7002M_Misc Member=R?
Removed Member From Class: ClassName=08_BB_Processor Member=R?
Removed Member From Class: ClassName=09_ADC_Drivers Member=R?
Removed Member From Class: ClassName=10_Misc Member=R?
Change Component Footprint: Designator=IC64 Old Footprint=ADF4002 New Footprint=ADF4002
Change Component Footprint: Designator=C20 Old Footprint=CAP0201 New Footprint=CAP0201
Change Component Footprint: Designator=C169 Old Footprint=CAP0201 New Footprint=CAP0201
Change Component Footprint: Designator=C173 Old Footprint=CAP0201 New Footprint=CAP0201
Change Component Footprint: Designator=C? Old Footprint=CAP0201 New Footprint=CAP0201
Change Component Footprint: Designator=C? Old Footprint=CAP0201 New Footprint=CAP0201
Change Component Footprint: Designator=C? Old Footprint=CAP0201 New Footprint=CAP0201
Change Component Footprint: Designator=C? Old Footprint=CAP0201 New Footprint=CAP0201
Change Component Footprint: Designator=C? Old Footprint=CAP0201 New Footprint=CAP0201
Change Component Footprint: Designator=C? Old Footprint=CAP0201 New Footprint=CAP0201
Change Component Footprint: Designator=C? Old Footprint=CAP0201 New Footprint=CAP0201
Change Component Footprint: Designator=C? Old Footprint=CAP0201 New Footprint=CAP0201
Change Component Footprint: Designator=C? Old Footprint=CAP0201 New Footprint=CAP0201
Change Component Footprint: Designator=C? Old Footprint=CAP0201 New Footprint=CAP0201
Change Component Footprint: Designator=C? Old Footprint=CAP0201 New Footprint=CAP0201
Change Component Footprint: Designator=C? Old Footprint=CAP0201 New Footprint=CAP0201
Change Component Footprint: Designator=C? Old Footprint=CAP0201 New Footprint=CAP0201
Change Component Footprint: Designator=C? Old Footprint=CAP0201 New Footprint=CAP0201
Change Component Footprint: Designator=C? Old Footprint=CAP0201 New Footprint=CAP0201
Change Component Footprint: Designator=C? Old Footprint=CAP0201 New Footprint=CAP0201
Change Component Footprint: Designator=C? Old Footprint=CAP0201 New Footprint=CAP0201
Change Component Footprint: Designator=C? Old Footprint=CAP0201 New Footprint=CAP0201
Change Component Footprint: Designator=C? Old Footprint=CAP0201 New Footprint=CAP0201
Change Component Footprint: Designator=C? Old Footprint=CAP0201 New Footprint=CAP0201
Change Component Footprint: Designator=C? Old Footprint=CAP0201 New Footprint=CAP0201
Change Component Footprint: Designator=C? Old Footprint=CAP0201 New Footprint=CAP0201
Change Component Footprint: Designator=C? Old Footprint=CAP0201 New Footprint=CAP0201
Change Component Footprint: Designator=C? Old Footprint=CAP0201 New Footprint=CAP0201
Change Component Footprint: Designator=C? Old Footprint=CAP0201 New Footprint=CAP0201
Change Component Footprint: Designator=C? Old Footprint=CAP0201 New Footprint=CAP0201
Change Component Footprint: Designator=C? Old Footprint=CAP0201 New Footprint=CAP0201
Change Component Footprint: Designator=C? Old Footprint=CAP0201 New Footprint=CAP0201
Change Component Footprint: Designator=C? Old Footprint=CAP0201 New Footprint=CAP0201
Change Component Footprint: Designator=C? Old Footprint=CAP0201 New Footprint=CAP0201
Change Component Footprint: Designator=C? Old Footprint=CAP0201 New Footprint=CAP0201
Change Component Footprint: Designator=C? Old Footprint=CAP0201 New Footprint=CAP0201
Change Component Footprint: Designator=C? Old Footprint=CAP0201 New Footprint=CAP0201
Change Component Footprint: Designator=C? Old Footprint=CAP0201 New Footprint=CAP0201
Change Component Footprint: Designator=C? Old Footprint=CAP0201 New Footprint=CAP0201
Change Component Footprint: Designator=C? Old Footprint=CAP0201 New Footprint=CAP0201
Change Component Footprint: Designator=C? Old Footprint=CAP0201 New Footprint=CAP0201
Change Component Footprint: Designator=C? Old Footprint=CAP0201 New Footprint=CAP0201
Change Component Footprint: Designator=C? Old Footprint=CAP0201 New Footprint=CAP0201
Change Component Footprint: Designator=C? Old Footprint=CAP0201 New Footprint=CAP0201
Change Component Footprint: Designator=C? Old Footprint=CAP0201 New Footprint=CAP0201
Change Component Footprint: Designator=C? Old Footprint=CAP0201 New Footprint=CAP0201
Change Component Footprint: Designator=C? Old Footprint=CAP0201 New Footprint=CAP0201
Change Component Footprint: Designator=C? Old Footprint=CAP0201 New Footprint=CAP0201
Change Component Footprint: Designator=C? Old Footprint=CAP0201 New Footprint=CAP0201
Change Component Footprint: Designator=C? Old Footprint=CAP0201 New Footprint=CAP0201
Change Component Footprint: Designator=C? Old Footprint=CAP0201 New Footprint=CAP0201
Change Component Footprint: Designator=C? Old Footprint=CAP0201 New Footprint=CAP0201
Change Component Footprint: Designator=C? Old Footprint=CAP0201 New Footprint=CAP0201
Change Component Footprint: Designator=C? Old Footprint=CAP0201 New Footprint=CAP0201
Change Component Footprint: Designator=C584 Old Footprint=CAP0402 New Footprint=CAP0402
Change Component Footprint: Designator=C584 Old Footprint=CAP0402 New Footprint=CAP0402
Change Component Footprint: Designator=C585 Old Footprint=CAP0402 New Footprint=CAP0402
Change Component Footprint: Designator=C585 Old Footprint=CAP0402 New Footprint=CAP0402
Change Component Footprint: Designator=C586 Old Footprint=CAP0402 New Footprint=CAP0402
Change Component Footprint: Designator=C586 Old Footprint=CAP0402 New Footprint=CAP0402
Change Component Footprint: Designator=C591 Old Footprint=CAP0402 New Footprint=CAP0402
Change Component Footprint: Designator=C591 Old Footprint=CAP0402 New Footprint=CAP0402
Change Component Footprint: Designator=C592 Old Footprint=CAP0402 New Footprint=CAP0402
Change Component Footprint: Designator=C592 Old Footprint=CAP0402 New Footprint=CAP0402
Change Component Footprint: Designator=C593 Old Footprint=CAP0402 New Footprint=CAP0402
Change Component Footprint: Designator=C593 Old Footprint=CAP0402 New Footprint=CAP0402
Change Component Footprint: Designator=C? Old Footprint=CAP0402 New Footprint=CAP0402
Change Component Footprint: Designator=C? Old Footprint=CAP0402 New Footprint=CAP0402
Change Component Footprint: Designator=C? Old Footprint=CAP0402 New Footprint=CAP0402
Change Component Footprint: Designator=C? Old Footprint=CAP0402 New Footprint=CAP0402
Change Component Footprint: Designator=C? Old Footprint=CAP0402 New Footprint=CAP0402
Change Component Footprint: Designator=C? Old Footprint=CAP0402 New Footprint=CAP0402
Change Component Footprint: Designator=C? Old Footprint=CAP0402 New Footprint=CAP0402
Change Component Footprint: Designator=C? Old Footprint=CAP0402 New Footprint=CAP0402
Change Component Footprint: Designator=C? Old Footprint=CAP0402 New Footprint=CAP0402
Change Component Footprint: Designator=C? Old Footprint=CAP0402 New Footprint=CAP0402
Change Component Footprint: Designator=C? Old Footprint=CAP0402 New Footprint=CAP0402
Change Component Footprint: Designator=C? Old Footprint=CAP0402 New Footprint=CAP0402
Change Component Footprint: Designator=C? Old Footprint=CAP0402 New Footprint=CAP0402
Change Component Footprint: Designator=C? Old Footprint=CAP0402 New Footprint=CAP0402
Change Component Footprint: Designator=C? Old Footprint=CAP0402 New Footprint=CAP0402
Change Component Footprint: Designator=C? Old Footprint=CAP0402 New Footprint=CAP0402
Change Component Footprint: Designator=C? Old Footprint=CAP0402 New Footprint=CAP0402
Change Component Footprint: Designator=C? Old Footprint=CAP0402 New Footprint=CAP0402
Change Component Footprint: Designator=C? Old Footprint=CAP0402 New Footprint=CAP0402
Change Component Footprint: Designator=C? Old Footprint=CAP0402 New Footprint=CAP0402
Change Component Footprint: Designator=C? Old Footprint=CAP0402 New Footprint=CAP0402
Change Component Footprint: Designator=C? Old Footprint=CAP0402 New Footprint=CAP0402
Change Component Footprint: Designator=C? Old Footprint=CAP0402 New Footprint=CAP0402
Change Component Footprint: Designator=C? Old Footprint=CAP0402 New Footprint=CAP0402
Change Component Footprint: Designator=C? Old Footprint=CAP0402 New Footprint=CAP0402
Change Component Footprint: Designator=C? Old Footprint=CAP0402 New Footprint=CAP0402
Change Component Footprint: Designator=C? Old Footprint=CAP0402 New Footprint=CAP0402
Change Component Footprint: Designator=C? Old Footprint=CAP0402 New Footprint=CAP0402
Change Component Footprint: Designator=C? Old Footprint=CAP0402 New Footprint=CAP0402
Change Component Footprint: Designator=C? Old Footprint=CAP0402 New Footprint=CAP0402
Change Component Footprint: Designator=C? Old Footprint=CAP0402 New Footprint=CAP0402
Change Component Footprint: Designator=C? Old Footprint=CAP0402 New Footprint=CAP0402
Change Component Footprint: Designator=C? Old Footprint=CAP0402 New Footprint=CAP0402
Change Component Footprint: Designator=C? Old Footprint=CAP0402 New Footprint=CAP0402
Change Component Footprint: Designator=C? Old Footprint=CAP0402 New Footprint=CAP0402
Change Component Footprint: Designator=C? Old Footprint=CAP0402 New Footprint=CAP0402
Change Component Footprint: Designator=C? Old Footprint=CAP0402 New Footprint=CAP0402
Change Component Footprint: Designator=C? Old Footprint=CAP0402 New Footprint=CAP0402
Change Component Footprint: Designator=C? Old Footprint=CAP0402 New Footprint=CAP0402
Change Component Footprint: Designator=C? Old Footprint=CAP0603 New Footprint=CAP0603
Change Component Footprint: Designator=C? Old Footprint=CAP0603 New Footprint=CAP0603
Change Component Footprint: Designator=C? Old Footprint=CAP0603 New Footprint=CAP0603
Change Component Footprint: Designator=C? Old Footprint=CAP0603 New Footprint=CAP0603
Change Component Footprint: Designator=C? Old Footprint=CAP0603 New Footprint=CAP0603
Change Component Footprint: Designator=C? Old Footprint=CAP0603 New Footprint=CAP0603
Change Component Footprint: Designator=XO2 Old Footprint=RAKON_RPT7050A New Footprint=RAKON_RPT7050A
Change Component Footprint: Designator=XO3 Old Footprint=RAKON_TXCO New Footprint=RAKON_TXCO
Change Component Footprint: Designator=FR? Old Footprint=RES0201 New Footprint=RES0201
Change Component Footprint: Designator=R14 Old Footprint=RES0201 New Footprint=RES0201
Change Component Footprint: Designator=R14 Old Footprint=RES0201 New Footprint=RES0201
Change Component Footprint: Designator=R17 Old Footprint=RES0201 New Footprint=RES0201
Change Component Footprint: Designator=R57 Old Footprint=RES0201 New Footprint=RES0201
Change Component Footprint: Designator=R57 Old Footprint=RES0201 New Footprint=RES0201
Change Component Footprint: Designator=R57 Old Footprint=RES0201 New Footprint=RES0201
Change Component Footprint: Designator=R57 Old Footprint=RES0201 New Footprint=RES0201
Change Component Footprint: Designator=R57 Old Footprint=RES0201 New Footprint=RES0201
Change Component Footprint: Designator=R59 Old Footprint=RES0201 New Footprint=RES0201
Change Component Footprint: Designator=R59 Old Footprint=RES0201 New Footprint=RES0201
Change Component Footprint: Designator=R59 Old Footprint=RES0201 New Footprint=RES0201
Change Component Footprint: Designator=R59 Old Footprint=RES0201 New Footprint=RES0201
Change Component Footprint: Designator=R59 Old Footprint=RES0201 New Footprint=RES0201
Change Component Footprint: Designator=R59 Old Footprint=RES0201 New Footprint=RES0201
Change Component Footprint: Designator=R59 Old Footprint=RES0201 New Footprint=RES0201
Change Component Footprint: Designator=R59 Old Footprint=RES0201 New Footprint=RES0201
Change Component Footprint: Designator=R62 Old Footprint=RES0201 New Footprint=RES0201
Change Component Footprint: Designator=R63 Old Footprint=RES0201 New Footprint=RES0201
Change Component Footprint: Designator=R63 Old Footprint=RES0201 New Footprint=RES0201
Change Component Footprint: Designator=R82 Old Footprint=RES0201 New Footprint=RES0201
Change Component Footprint: Designator=R82 Old Footprint=RES0201 New Footprint=RES0201
Change Component Footprint: Designator=R82 Old Footprint=RES0201 New Footprint=RES0201
Change Component Footprint: Designator=R82 Old Footprint=RES0201 New Footprint=RES0201
Change Component Footprint: Designator=R82 Old Footprint=RES0201 New Footprint=RES0201
Change Component Footprint: Designator=R82 Old Footprint=RES0201 New Footprint=RES0201
Change Component Footprint: Designator=R82 Old Footprint=RES0201 New Footprint=RES0201
Change Component Footprint: Designator=R82 Old Footprint=RES0201 New Footprint=RES0201
Change Component Footprint: Designator=R82 Old Footprint=RES0201 New Footprint=RES0201
Change Component Footprint: Designator=R82 Old Footprint=RES0201 New Footprint=RES0201
Change Component Footprint: Designator=R82 Old Footprint=RES0201 New Footprint=RES0201
Change Component Footprint: Designator=R82 Old Footprint=RES0201 New Footprint=RES0201
Change Component Footprint: Designator=R82 Old Footprint=RES0201 New Footprint=RES0201
Change Component Footprint: Designator=R82 Old Footprint=RES0201 New Footprint=RES0201
Change Component Footprint: Designator=R82 Old Footprint=RES0201 New Footprint=RES0201
Change Component Footprint: Designator=R82 Old Footprint=RES0201 New Footprint=RES0201
Change Component Footprint: Designator=R82 Old Footprint=RES0201 New Footprint=RES0201
Change Component Footprint: Designator=R82 Old Footprint=RES0201 New Footprint=RES0201
Change Component Footprint: Designator=R? Old Footprint=RES0201 New Footprint=RES0201
Change Component Footprint: Designator=R? Old Footprint=RES0201 New Footprint=RES0201
Change Component Footprint: Designator=R? Old Footprint=RES0201 New Footprint=RES0201
Change Component Footprint: Designator=R? Old Footprint=RES0201 New Footprint=RES0201
Change Component Footprint: Designator=R? Old Footprint=RES0201 New Footprint=RES0201
Change Component Footprint: Designator=R? Old Footprint=RES0201 New Footprint=RES0201
Change Component Footprint: Designator=R? Old Footprint=RES0201 New Footprint=RES0201
Change Component Footprint: Designator=R? Old Footprint=RES0201 New Footprint=RES0201
Change Component Footprint: Designator=R? Old Footprint=RES0201 New Footprint=RES0201
Change Component Footprint: Designator=R? Old Footprint=RES0201 New Footprint=RES0201
Change Component Footprint: Designator=R? Old Footprint=RES0201 New Footprint=RES0201
Change Component Footprint: Designator=R? Old Footprint=RES0201 New Footprint=RES0201
Change Component Footprint: Designator=R? Old Footprint=RES0201 New Footprint=RES0201
Change Component Footprint: Designator=R? Old Footprint=RES0201 New Footprint=RES0201
Change Component Footprint: Designator=R? Old Footprint=RES0201 New Footprint=RES0201
Change Component Footprint: Designator=R? Old Footprint=RES0201 New Footprint=RES0201
Change Component Footprint: Designator=R? Old Footprint=RES0201 New Footprint=RES0201
Change Component Footprint: Designator=R? Old Footprint=RES0201 New Footprint=RES0201
Change Component Footprint: Designator=R? Old Footprint=RES0201 New Footprint=RES0201
Change Component Footprint: Designator=R? Old Footprint=RES0201 New Footprint=RES0201
Change Component Footprint: Designator=R? Old Footprint=RES0201 New Footprint=RES0201
Change Component Footprint: Designator=R? Old Footprint=RES0201 New Footprint=RES0201
Change Component Footprint: Designator=R? Old Footprint=RES0201 New Footprint=RES0201
Change Component Footprint: Designator=R? Old Footprint=RES0201 New Footprint=RES0201
Change Component Footprint: Designator=R? Old Footprint=RES0201 New Footprint=RES0201
Change Component Footprint: Designator=R? Old Footprint=RES0201 New Footprint=RES0201
Change Component Footprint: Designator=R? Old Footprint=RES0201 New Footprint=RES0201
Change Component Footprint: Designator=R? Old Footprint=RES0201 New Footprint=RES0201
Change Component Footprint: Designator=R? Old Footprint=RES0201 New Footprint=RES0201
Change Component Footprint: Designator=R? Old Footprint=RES0201 New Footprint=RES0201
Change Component Footprint: Designator=R? Old Footprint=RES0201 New Footprint=RES0201
Change Component Footprint: Designator=R? Old Footprint=RES0201 New Footprint=RES0201
Change Component Footprint: Designator=R? Old Footprint=RES0201 New Footprint=RES0201
Change Component Footprint: Designator=R? Old Footprint=RES0201 New Footprint=RES0201
Change Component Footprint: Designator=R? Old Footprint=RES0201 New Footprint=RES0201
Change Component Footprint: Designator=R? Old Footprint=RES0201 New Footprint=RES0201
Change Component Footprint: Designator=R? Old Footprint=RES0201 New Footprint=RES0201
Change Component Footprint: Designator=R? Old Footprint=RES0201 New Footprint=RES0201
Change Component Footprint: Designator=R? Old Footprint=RES0201 New Footprint=RES0201
Change Component Footprint: Designator=R? Old Footprint=RES0201 New Footprint=RES0201
Change Component Footprint: Designator=R? Old Footprint=RES0201 New Footprint=RES0201
Change Component Footprint: Designator=R? Old Footprint=RES0201 New Footprint=RES0201
Change Component Footprint: Designator=R? Old Footprint=RES0201 New Footprint=RES0201
Change Component Footprint: Designator=R? Old Footprint=RES0201 New Footprint=RES0201
Change Component Footprint: Designator=R? Old Footprint=RES0201 New Footprint=RES0201
Change Component Footprint: Designator=R? Old Footprint=RES0201 New Footprint=RES0201
Change Component Footprint: Designator=R? Old Footprint=RES0201 New Footprint=RES0201
Change Component Footprint: Designator=R? Old Footprint=RES0201 New Footprint=RES0201
Change Component Footprint: Designator=R? Old Footprint=RES0201 New Footprint=RES0201
Change Component Footprint: Designator=R? Old Footprint=RES0201 New Footprint=RES0201
Change Component Footprint: Designator=R? Old Footprint=RES0201 New Footprint=RES0201
Change Component Footprint: Designator=R? Old Footprint=RES0201 New Footprint=RES0201
Change Component Footprint: Designator=R? Old Footprint=RES0201 New Footprint=RES0201
Change Component Footprint: Designator=R? Old Footprint=RES0201 New Footprint=RES0201
Change Component Footprint: Designator=R? Old Footprint=RES0201 New Footprint=RES0201
Change Component Footprint: Designator=R? Old Footprint=RES0201 New Footprint=RES0201
Change Component Footprint: Designator=R? Old Footprint=RES0201 New Footprint=RES0201
Change Component Footprint: Designator=R? Old Footprint=RES0201 New Footprint=RES0201
Change Component Footprint: Designator=R? Old Footprint=RES0201 New Footprint=RES0201
Change Component Footprint: Designator=R? Old Footprint=RES0201 New Footprint=RES0201
Change Component Footprint: Designator=R? Old Footprint=RES0201 New Footprint=RES0201
Change Component Footprint: Designator=R? Old Footprint=RES0201 New Footprint=RES0201
Change Component Footprint: Designator=R? Old Footprint=RES0201 New Footprint=RES0201
Change Component Footprint: Designator=FR43 Old Footprint=RES0402 New Footprint=RES0402
Change Component Footprint: Designator=FR? Old Footprint=RES0402 New Footprint=RES0402
Change Component Footprint: Designator=MN54 Old Footprint=RES0402 New Footprint=RES0402
Change Component Footprint: Designator=R6 Old Footprint=RES0402 New Footprint=RES0402
Change Component Footprint: Designator=R277 Old Footprint=RES0402 New Footprint=RES0402
Change Component Footprint: Designator=R277 Old Footprint=RES0402 New Footprint=RES0402
Change Component Footprint: Designator=R279 Old Footprint=RES0402 New Footprint=RES0402
Change Component Footprint: Designator=R279 Old Footprint=RES0402 New Footprint=RES0402
Change Component Footprint: Designator=R280 Old Footprint=RES0402 New Footprint=RES0402
Change Component Footprint: Designator=R280 Old Footprint=RES0402 New Footprint=RES0402
Change Component Footprint: Designator=R281 Old Footprint=RES0402 New Footprint=RES0402
Change Component Footprint: Designator=R281 Old Footprint=RES0402 New Footprint=RES0402
Change Component Footprint: Designator=R283 Old Footprint=RES0402 New Footprint=RES0402
Change Component Footprint: Designator=R283 Old Footprint=RES0402 New Footprint=RES0402
Change Component Footprint: Designator=R284 Old Footprint=RES0402 New Footprint=RES0402
Change Component Footprint: Designator=R284 Old Footprint=RES0402 New Footprint=RES0402
Change Component Footprint: Designator=R285 Old Footprint=RES0402 New Footprint=RES0402
Change Component Footprint: Designator=R285 Old Footprint=RES0402 New Footprint=RES0402
Change Component Footprint: Designator=R288 Old Footprint=RES0402 New Footprint=RES0402
Change Component Footprint: Designator=R288 Old Footprint=RES0402 New Footprint=RES0402
Change Component Footprint: Designator=R289 Old Footprint=RES0402 New Footprint=RES0402
Change Component Footprint: Designator=R289 Old Footprint=RES0402 New Footprint=RES0402
Change Component Footprint: Designator=R290 Old Footprint=RES0402 New Footprint=RES0402
Change Component Footprint: Designator=R290 Old Footprint=RES0402 New Footprint=RES0402
Change Component Footprint: Designator=R291 Old Footprint=RES0402 New Footprint=RES0402
Change Component Footprint: Designator=R291 Old Footprint=RES0402 New Footprint=RES0402
Change Component Footprint: Designator=R293 Old Footprint=RES0402 New Footprint=RES0402
Change Component Footprint: Designator=R293 Old Footprint=RES0402 New Footprint=RES0402
Change Component Footprint: Designator=R294 Old Footprint=RES0402 New Footprint=RES0402
Change Component Footprint: Designator=R294 Old Footprint=RES0402 New Footprint=RES0402
Change Component Footprint: Designator=R295 Old Footprint=RES0402 New Footprint=RES0402
Change Component Footprint: Designator=R295 Old Footprint=RES0402 New Footprint=RES0402
Change Component Footprint: Designator=IC? Old Footprint=SN74AVC4T774 New Footprint=SN74AVC4T774
Change Component Footprint: Designator=IC? Old Footprint=SN74AVC4T774 New Footprint=SN74AVC4T774
Change Component Footprint: Designator=IC? Old Footprint=SN74AVC4T774 New Footprint=SN74AVC4T774
Change Component Footprint: Designator=IC? Old Footprint=SN74AVC4T774 New Footprint=SN74AVC4T774
Change Component Footprint: Designator=VT1 Old Footprint=SOT23-3 New Footprint=SOT23-3
Change Component Footprint: Designator=VT2 Old Footprint=SOT23-3 New Footprint=SOT23-3
Change Component Footprint: Designator=IC? Old Footprint=SOT23-5 New Footprint=SOT23-5
Change Component Designator: OldDesignator=C20 NewDesignator=C8
Change Component Designator: OldDesignator=C169 NewDesignator=C235
Change Component Designator: OldDesignator=C173 NewDesignator=C236
Change Component Designator: OldDesignator=C584 NewDesignator=C138
Change Component Designator: OldDesignator=C585 NewDesignator=C143
Change Component Designator: OldDesignator=C586 NewDesignator=C144
Change Component Designator: OldDesignator=C591 NewDesignator=C153
Change Component Designator: OldDesignator=C592 NewDesignator=C176
Change Component Designator: OldDesignator=C593 NewDesignator=C180
Change Component Designator: OldDesignator=C? NewDesignator=C4
Change Component Designator: OldDesignator=C? NewDesignator=C7
Change Component Designator: OldDesignator=C? NewDesignator=C10
Change Component Designator: OldDesignator=C? NewDesignator=C13
Change Component Designator: OldDesignator=C? NewDesignator=C14
Change Component Designator: OldDesignator=C? NewDesignator=C17
Change Component Designator: OldDesignator=C? NewDesignator=C18
Change Component Designator: OldDesignator=C? NewDesignator=C26
Change Component Designator: OldDesignator=C? NewDesignator=C28
Change Component Designator: OldDesignator=C? NewDesignator=C95
Change Component Designator: OldDesignator=C? NewDesignator=C96
Change Component Designator: OldDesignator=C? NewDesignator=C97
Change Component Designator: OldDesignator=C? NewDesignator=C98
Change Component Designator: OldDesignator=C? NewDesignator=C99
Change Component Designator: OldDesignator=C? NewDesignator=C100
Change Component Designator: OldDesignator=C? NewDesignator=C102
Change Component Designator: OldDesignator=C? NewDesignator=C104
Change Component Designator: OldDesignator=C? NewDesignator=C105
Change Component Designator: OldDesignator=C? NewDesignator=C106
Change Component Designator: OldDesignator=C? NewDesignator=C107
Change Component Designator: OldDesignator=C? NewDesignator=C108
Change Component Designator: OldDesignator=C? NewDesignator=C109
Change Component Designator: OldDesignator=C? NewDesignator=C110
Change Component Designator: OldDesignator=C? NewDesignator=C111
Change Component Designator: OldDesignator=C? NewDesignator=C112
Change Component Designator: OldDesignator=C? NewDesignator=C113
Change Component Designator: OldDesignator=C? NewDesignator=C114
Change Component Designator: OldDesignator=C? NewDesignator=C115
Change Component Designator: OldDesignator=C? NewDesignator=C116
Change Component Designator: OldDesignator=C? NewDesignator=C117
Change Component Designator: OldDesignator=C? NewDesignator=C118
Change Component Designator: OldDesignator=C? NewDesignator=C119
Change Component Designator: OldDesignator=C? NewDesignator=C120
Change Component Designator: OldDesignator=C? NewDesignator=C121
Change Component Designator: OldDesignator=C? NewDesignator=C122
Change Component Designator: OldDesignator=C? NewDesignator=C123
Change Component Designator: OldDesignator=C? NewDesignator=C124
Change Component Designator: OldDesignator=C? NewDesignator=C125
Change Component Designator: OldDesignator=C? NewDesignator=C126
Change Component Designator: OldDesignator=C? NewDesignator=C127
Change Component Designator: OldDesignator=C? NewDesignator=C128
Change Component Designator: OldDesignator=C? NewDesignator=C129
Change Component Designator: OldDesignator=C? NewDesignator=C130
Change Component Designator: OldDesignator=C? NewDesignator=C131
Change Component Designator: OldDesignator=C? NewDesignator=C132
Change Component Designator: OldDesignator=C? NewDesignator=C133
Change Component Designator: OldDesignator=C? NewDesignator=C134
Change Component Designator: OldDesignator=C? NewDesignator=C135
Change Component Designator: OldDesignator=C? NewDesignator=C136
Change Component Designator: OldDesignator=C? NewDesignator=C137
Change Component Designator: OldDesignator=C? NewDesignator=C139
Change Component Designator: OldDesignator=C? NewDesignator=C140
Change Component Designator: OldDesignator=C? NewDesignator=C141
Change Component Designator: OldDesignator=C? NewDesignator=C142
Change Component Designator: OldDesignator=C? NewDesignator=C145
Change Component Designator: OldDesignator=C? NewDesignator=C146
Change Component Designator: OldDesignator=C? NewDesignator=C147
Change Component Designator: OldDesignator=C? NewDesignator=C148
Change Component Designator: OldDesignator=C? NewDesignator=C149
Change Component Designator: OldDesignator=C? NewDesignator=C150
Change Component Designator: OldDesignator=C? NewDesignator=C151
Change Component Designator: OldDesignator=C? NewDesignator=C152
Change Component Designator: OldDesignator=C? NewDesignator=C154
Change Component Designator: OldDesignator=C? NewDesignator=C155
Change Component Designator: OldDesignator=C? NewDesignator=C159
Change Component Designator: OldDesignator=C? NewDesignator=C175
Change Component Designator: OldDesignator=C? NewDesignator=C181
Change Component Designator: OldDesignator=C? NewDesignator=C182
Change Component Designator: OldDesignator=C? NewDesignator=C183
Change Component Designator: OldDesignator=C? NewDesignator=C184
Change Component Designator: OldDesignator=C? NewDesignator=C185
Change Component Designator: OldDesignator=C? NewDesignator=C186
Change Component Designator: OldDesignator=C? NewDesignator=C187
Change Component Designator: OldDesignator=C? NewDesignator=C224
Change Component Designator: OldDesignator=C? NewDesignator=C225
Change Component Designator: OldDesignator=C? NewDesignator=C226
Change Component Designator: OldDesignator=C? NewDesignator=C227
Change Component Designator: OldDesignator=C? NewDesignator=C228
Change Component Designator: OldDesignator=C? NewDesignator=C229
Change Component Designator: OldDesignator=C? NewDesignator=C230
Change Component Designator: OldDesignator=C? NewDesignator=C231
Change Component Designator: OldDesignator=C? NewDesignator=C232
Change Component Designator: OldDesignator=C? NewDesignator=C233
Change Component Designator: OldDesignator=C? NewDesignator=C234
Change Component Designator: OldDesignator=C? NewDesignator=C237
Change Component Designator: OldDesignator=C? NewDesignator=C238
Change Component Designator: OldDesignator=C? NewDesignator=C239
Change Component Designator: OldDesignator=C? NewDesignator=C240
Change Component Designator: OldDesignator=C? NewDesignator=C241
Change Component Designator: OldDesignator=C? NewDesignator=C242
Change Component Designator: OldDesignator=C? NewDesignator=C243
Change Component Designator: OldDesignator=C? NewDesignator=C244
Change Component Designator: OldDesignator=C? NewDesignator=C245
Change Component Designator: OldDesignator=C? NewDesignator=C246
Change Component Designator: OldDesignator=C? NewDesignator=C247
Change Component Designator: OldDesignator=C? NewDesignator=C248
Change Component Designator: OldDesignator=C? NewDesignator=C249
Change Component Designator: OldDesignator=C? NewDesignator=C250
Change Component Designator: OldDesignator=C? NewDesignator=C251
Change Component Designator: OldDesignator=C? NewDesignator=C252
Change Component Designator: OldDesignator=C? NewDesignator=C253
Change Component Designator: OldDesignator=FR43 NewDesignator=FR42
Change Component Designator: OldDesignator=FR? NewDesignator=FR2
Change Component Designator: OldDesignator=FR? NewDesignator=FR41
Change Component Designator: OldDesignator=IC12 NewDesignator=IC24
Change Component Designator: OldDesignator=IC? NewDesignator=IC6
Change Component Designator: OldDesignator=IC? NewDesignator=IC7
Change Component Designator: OldDesignator=IC? NewDesignator=IC9
Change Component Designator: OldDesignator=IC? NewDesignator=IC15
Change Component Designator: OldDesignator=IC? NewDesignator=IC17
Change Component Designator: OldDesignator=IC? NewDesignator=IC18
Change Component Designator: OldDesignator=IC? NewDesignator=IC19
Change Component Designator: OldDesignator=IC? NewDesignator=IC22
Change Component Designator: OldDesignator=IC? NewDesignator=IC23
Change Component Designator: OldDesignator=MN54 NewDesignator=MN3
Change Component Designator: OldDesignator=R6 NewDesignator=R34
Change Component Designator: OldDesignator=R14 NewDesignator=R35
Change Component Designator: OldDesignator=R14 NewDesignator=R36
Change Component Designator: OldDesignator=R17 NewDesignator=R83
Change Component Designator: OldDesignator=R57 NewDesignator=R55
Change Component Designator: OldDesignator=R57 NewDesignator=R75
Change Component Designator: OldDesignator=R57 NewDesignator=R76
Change Component Designator: OldDesignator=R57 NewDesignator=R81
Change Component Designator: OldDesignator=R57 NewDesignator=R153
Change Component Designator: OldDesignator=R59 NewDesignator=R171
Change Component Designator: OldDesignator=R59 NewDesignator=R172
Change Component Designator: OldDesignator=R59 NewDesignator=R173
Change Component Designator: OldDesignator=R59 NewDesignator=R177
Change Component Designator: OldDesignator=R59 NewDesignator=R181
Change Component Designator: OldDesignator=R59 NewDesignator=R184
Change Component Designator: OldDesignator=R59 NewDesignator=R185
Change Component Designator: OldDesignator=R59 NewDesignator=R186
Change Component Designator: OldDesignator=R62 NewDesignator=R182
Change Component Designator: OldDesignator=R63 NewDesignator=R152
Change Component Designator: OldDesignator=R63 NewDesignator=R183
Change Component Designator: OldDesignator=R82 NewDesignator=R127
Change Component Designator: OldDesignator=R82 NewDesignator=R154
Change Component Designator: OldDesignator=R82 NewDesignator=R155
Change Component Designator: OldDesignator=R82 NewDesignator=R156
Change Component Designator: OldDesignator=R82 NewDesignator=R157
Change Component Designator: OldDesignator=R82 NewDesignator=R158
Change Component Designator: OldDesignator=R82 NewDesignator=R159
Change Component Designator: OldDesignator=R82 NewDesignator=R160
Change Component Designator: OldDesignator=R82 NewDesignator=R161
Change Component Designator: OldDesignator=R82 NewDesignator=R162
Change Component Designator: OldDesignator=R82 NewDesignator=R163
Change Component Designator: OldDesignator=R82 NewDesignator=R164
Change Component Designator: OldDesignator=R82 NewDesignator=R165
Change Component Designator: OldDesignator=R82 NewDesignator=R166
Change Component Designator: OldDesignator=R82 NewDesignator=R167
Change Component Designator: OldDesignator=R82 NewDesignator=R168
Change Component Designator: OldDesignator=R82 NewDesignator=R169
Change Component Designator: OldDesignator=R82 NewDesignator=R170
Change Component Designator: OldDesignator=R277 NewDesignator=R128
Change Component Designator: OldDesignator=R279 NewDesignator=R129
Change Component Designator: OldDesignator=R280 NewDesignator=R130
Change Component Designator: OldDesignator=R281 NewDesignator=R132
Change Component Designator: OldDesignator=R283 NewDesignator=R134
Change Component Designator: OldDesignator=R284 NewDesignator=R135
Change Component Designator: OldDesignator=R285 NewDesignator=R137
Change Component Designator: OldDesignator=R288 NewDesignator=R141
Change Component Designator: OldDesignator=R289 NewDesignator=R142
Change Component Designator: OldDesignator=R290 NewDesignator=R143
Change Component Designator: OldDesignator=R291 NewDesignator=R145
Change Component Designator: OldDesignator=R293 NewDesignator=R147
Change Component Designator: OldDesignator=R294 NewDesignator=R148
Change Component Designator: OldDesignator=R295 NewDesignator=R150
Change Component Designator: OldDesignator=R? NewDesignator=R37
Change Component Designator: OldDesignator=R? NewDesignator=R38
Change Component Designator: OldDesignator=R? NewDesignator=R39
Change Component Designator: OldDesignator=R? NewDesignator=R40
Change Component Designator: OldDesignator=R? NewDesignator=R41
Change Component Designator: OldDesignator=R? NewDesignator=R42
Change Component Designator: OldDesignator=R? NewDesignator=R43
Change Component Designator: OldDesignator=R? NewDesignator=R44
Change Component Designator: OldDesignator=R? NewDesignator=R45
Change Component Designator: OldDesignator=R? NewDesignator=R46
Change Component Designator: OldDesignator=R? NewDesignator=R47
Change Component Designator: OldDesignator=R? NewDesignator=R48
Change Component Designator: OldDesignator=R? NewDesignator=R49
Change Component Designator: OldDesignator=R? NewDesignator=R50
Change Component Designator: OldDesignator=R? NewDesignator=R51
Change Component Designator: OldDesignator=R? NewDesignator=R52
Change Component Designator: OldDesignator=R? NewDesignator=R53
Change Component Designator: OldDesignator=R? NewDesignator=R54
Change Component Designator: OldDesignator=R? NewDesignator=R56
Change Component Designator: OldDesignator=R? NewDesignator=R73
Change Component Designator: OldDesignator=R? NewDesignator=R74
Change Component Designator: OldDesignator=R? NewDesignator=R77
Change Component Designator: OldDesignator=R? NewDesignator=R79
Change Component Designator: OldDesignator=R? NewDesignator=R84
Change Component Designator: OldDesignator=R? NewDesignator=R85
Change Component Designator: OldDesignator=R? NewDesignator=R89
Change Component Designator: OldDesignator=R? NewDesignator=R92
Change Component Designator: OldDesignator=R? NewDesignator=R94
Change Component Designator: OldDesignator=R? NewDesignator=R95
Change Component Designator: OldDesignator=R? NewDesignator=R99
Change Component Designator: OldDesignator=R? NewDesignator=R100
Change Component Designator: OldDesignator=R? NewDesignator=R101
Change Component Designator: OldDesignator=R? NewDesignator=R122
Change Component Designator: OldDesignator=R? NewDesignator=R123
Change Component Designator: OldDesignator=R? NewDesignator=R131
Change Component Designator: OldDesignator=R? NewDesignator=R133
Change Component Designator: OldDesignator=R? NewDesignator=R136
Change Component Designator: OldDesignator=R? NewDesignator=R138
Change Component Designator: OldDesignator=R? NewDesignator=R139
Change Component Designator: OldDesignator=R? NewDesignator=R140
Change Component Designator: OldDesignator=R? NewDesignator=R144
Change Component Designator: OldDesignator=R? NewDesignator=R146
Change Component Designator: OldDesignator=R? NewDesignator=R149
Change Component Designator: OldDesignator=R? NewDesignator=R151
Change Component Designator: OldDesignator=R? NewDesignator=R174
Change Component Designator: OldDesignator=R? NewDesignator=R175
Change Component Designator: OldDesignator=R? NewDesignator=R176
Change Component Designator: OldDesignator=R? NewDesignator=R178
Change Component Designator: OldDesignator=R? NewDesignator=R179
Change Component Designator: OldDesignator=R? NewDesignator=R180
Change Component Designator: OldDesignator=R? NewDesignator=R187
Change Component Designator: OldDesignator=R? NewDesignator=R188
Change Component Designator: OldDesignator=R? NewDesignator=R189
Change Component Designator: OldDesignator=R? NewDesignator=R190
Change Component Designator: OldDesignator=R? NewDesignator=R191
Change Component Designator: OldDesignator=R? NewDesignator=R192
Change Component Designator: OldDesignator=R? NewDesignator=R193
Change Component Designator: OldDesignator=R? NewDesignator=R194
Change Component Designator: OldDesignator=R? NewDesignator=R195
Change Component Designator: OldDesignator=R? NewDesignator=R196
Change Component Designator: OldDesignator=R? NewDesignator=R197
Change Component Designator: OldDesignator=R? NewDesignator=R198
Change Component Designator: OldDesignator=R? NewDesignator=R199
Change Component Designator: OldDesignator=TP? NewDesignator=TP2
Change Component Designator: OldDesignator=TP? NewDesignator=TP3
Change Component Designator: OldDesignator=TP? NewDesignator=TP4
Change Component Designator: OldDesignator=TP? NewDesignator=TP5
Change component parameters: Designator = "IC15"; Footprint = "ADA4930-2_LFCSP-24"; UniqueID = "\ZBJTGCBP"
Change component parameters. Clean all parameters for all variants
Change component parameters (AddParameter): Name = "-3db Bandwidth"; Value = "1.35GHz"; VariantName = "[No Variations]"
Change component parameters (AddParameter): Name = "Amplifier Type"; Value = "Differential"; VariantName = "[No Variations]"
Change component parameters (AddParameter): Name = "Assembly Info"; Value = ""; VariantName = "[No Variations]"
Change component parameters (AddParameter): Name = "Category"; Value = "Integrated Circuits (ICs)"; VariantName = "[No Variations]"
Change component parameters (AddParameter): Name = "Current - Input Bias"; Value = "23µA"; VariantName = "[No Variations]"
Change component parameters (AddParameter): Name = "Current - Output / Channel"; Value = "30mA"; VariantName = "[No Variations]"
Change component parameters (AddParameter): Name = "Current - Supply"; Value = "34mA"; VariantName = "[No Variations]"
Change component parameters (AddParameter): Name = "Gain Bandwidth Product"; Value = "-"; VariantName = "[No Variations]"
Change component parameters (AddParameter): Name = "Manufacturer"; Value = "Analog Devices Inc."; VariantName = "[No Variations]"
Change component parameters (AddParameter): Name = "Manufacturer Part Number 1"; Value = "ADA4930-2YCPZ-R7"; VariantName = "[No Variations]"
Change component parameters (AddParameter): Name = "Mounting Type"; Value = "Surface Mount"; VariantName = "[No Variations]"
Change component parameters (AddParameter): Name = "Number of Circuits"; Value = "2"; VariantName = "[No Variations]"
Change component parameters (AddParameter): Name = "Operating Temperature"; Value = "-40°C ~ 105°C"; VariantName = "[No Variations]"
Change component parameters (AddParameter): Name = "Output Type"; Value = "Differential"; VariantName = "[No Variations]"
Change component parameters (AddParameter): Name = "Package / Case"; Value = "24-VFQFN Exposed Pad, CSP"; VariantName = "[No Variations]"
Change component parameters (AddParameter): Name = "Packaging"; Value = "Cut Tape (CT)"; VariantName = "[No Variations]"
Change component parameters (AddParameter): Name = "Part Description"; Value = "Differential Amplifier 2 Circuit Differential 24-LFCSP-WQ (4x4)"; VariantName = "[No Variations]"
Change component parameters (AddParameter): Name = "RoHS"; Value = "RoHS Compliant"; VariantName = "[No Variations]"
Change component parameters (AddParameter): Name = "Slew Rate"; Value = "3400 V/µs"; VariantName = "[No Variations]"
Change component parameters (AddParameter): Name = "Supplier 1"; Value = "Digi-Key"; VariantName = "[No Variations]"
Change component parameters (AddParameter): Name = "Supplier Device Package"; Value = "24-LFCSP-VQ (4x4)"; VariantName = "[No Variations]"
Change component parameters (AddParameter): Name = "Supplier Part Number 1"; Value = "ADA4930-2YCPZ-R7CT-ND"; VariantName = "[No Variations]"
Change component parameters (AddParameter): Name = "Voltage - Input Offset"; Value = "150µV"; VariantName = "[No Variations]"
Change component parameters (AddParameter): Name = "Voltage - Supply, Single/Dual (±)"; Value = "3.3V, 5V"; VariantName = "[No Variations]"
Change component parameters: Designator = "IC9"; Footprint = "ADA4930-2_LFCSP-24"; UniqueID = "\UXNTIXEV"
Change component parameters. Clean all parameters for all variants
Change component parameters (AddParameter): Name = "-3db Bandwidth"; Value = "1.35GHz"; VariantName = "[No Variations]"
Change component parameters (AddParameter): Name = "Amplifier Type"; Value = "Differential"; VariantName = "[No Variations]"
Change component parameters (AddParameter): Name = "Assembly Info"; Value = ""; VariantName = "[No Variations]"
Change component parameters (AddParameter): Name = "Category"; Value = "Integrated Circuits (ICs)"; VariantName = "[No Variations]"
Change component parameters (AddParameter): Name = "Current - Input Bias"; Value = "23µA"; VariantName = "[No Variations]"
Change component parameters (AddParameter): Name = "Current - Output / Channel"; Value = "30mA"; VariantName = "[No Variations]"
Change component parameters (AddParameter): Name = "Current - Supply"; Value = "34mA"; VariantName = "[No Variations]"
Change component parameters (AddParameter): Name = "Gain Bandwidth Product"; Value = "-"; VariantName = "[No Variations]"
Change component parameters (AddParameter): Name = "Manufacturer"; Value = "Analog Devices Inc."; VariantName = "[No Variations]"
Change component parameters (AddParameter): Name = "Manufacturer Part Number 1"; Value = "ADA4930-2YCPZ-R7"; VariantName = "[No Variations]"
Change component parameters (AddParameter): Name = "Mounting Type"; Value = "Surface Mount"; VariantName = "[No Variations]"
Change component parameters (AddParameter): Name = "Number of Circuits"; Value = "2"; VariantName = "[No Variations]"
Change component parameters (AddParameter): Name = "Operating Temperature"; Value = "-40°C ~ 105°C"; VariantName = "[No Variations]"
Change component parameters (AddParameter): Name = "Output Type"; Value = "Differential"; VariantName = "[No Variations]"
Change component parameters (AddParameter): Name = "Package / Case"; Value = "24-VFQFN Exposed Pad, CSP"; VariantName = "[No Variations]"
Change component parameters (AddParameter): Name = "Packaging"; Value = "Cut Tape (CT)"; VariantName = "[No Variations]"
Change component parameters (AddParameter): Name = "Part Description"; Value = "Differential Amplifier 2 Circuit Differential 24-LFCSP-WQ (4x4)"; VariantName = "[No Variations]"
Change component parameters (AddParameter): Name = "RoHS"; Value = "RoHS Compliant"; VariantName = "[No Variations]"
Change component parameters (AddParameter): Name = "Slew Rate"; Value = "3400 V/µs"; VariantName = "[No Variations]"
Change component parameters (AddParameter): Name = "Supplier 1"; Value = "Digi-Key"; VariantName = "[No Variations]"
Change component parameters (AddParameter): Name = "Supplier Device Package"; Value = "24-LFCSP-VQ (4x4)"; VariantName = "[No Variations]"
Change component parameters (AddParameter): Name = "Supplier Part Number 1"; Value = "ADA4930-2YCPZ-R7CT-ND"; VariantName = "[No Variations]"
Change component parameters (AddParameter): Name = "Voltage - Input Offset"; Value = "150µV"; VariantName = "[No Variations]"
Change component parameters (AddParameter): Name = "Voltage - Supply, Single/Dual (±)"; Value = "3.3V, 5V"; VariantName = "[No Variations]"
Added Pin To Net: NetName=LA_RO0_Q_P Pin=IC6-A2
Added Pin To Net: NetName=LA_RX0_I_N Pin=IC6-A4
Added Pin To Net: NetName=LA_RX0_Q_P Pin=IC6-A6
Added Pin To Net: NetName=LA_TX_I_P Pin=IC6-A7
Added Pin To Net: NetName=LA_TX_Q_P Pin=IC6-A9
Added Pin To Net: NetName=LA_RX1_I_P Pin=IC6-A10
Added Pin To Net: NetName=LA_RX1_Q_N Pin=IC6-A12
Added Pin To Net: NetName=LA_RO1_I_P Pin=IC6-A14
Added Pin To Net: NetName=LA_RO0_Q_N Pin=IC6-B2
Added Pin To Net: NetName=LA_RX0_I_P Pin=IC6-B4
Added Pin To Net: NetName=LA_RX0_Q_N Pin=IC6-B6
Added Pin To Net: NetName=LA_TX_I_N Pin=IC6-B7
Added Pin To Net: NetName=LA_TX_Q_N Pin=IC6-B9
Added Pin To Net: NetName=LA_RX1_I_N Pin=IC6-B10
Added Pin To Net: NetName=LA_RX1_Q_P Pin=IC6-B12
Added Pin To Net: NetName=LA_RO1_I_N Pin=IC6-B14
Added Pin To Net: NetName=LA_RO0_I_N Pin=IC6-C1
Added Pin To Net: NetName=LA_RO1_Q_N Pin=IC6-C15
Added Pin To Net: NetName=LA_RO0_I_P Pin=IC6-D1
Added Pin To Net: NetName=VCC0P9_AFE_SVDD Pin=IC6-D3
Added Pin To Net: NetName=GND Pin=IC6-D5
Added Pin To Net: NetName=LA_RO1_Q_P Pin=IC6-D15
Added Pin To Net: NetName=LA_DCS_CLK_P Pin=IC6-F1
Added Pin To Net: NetName=LA_DCS_CLK_N Pin=IC6-F2
Added Pin To Net: NetName=GND Pin=IC6-H13
Added Pin To Net: NetName=GND Pin=IC6-H14
Added Pin To Net: NetName=GND Pin=IC6-H15
Added Pin To Net: NetName=GND Pin=IC6-J13
Added Pin To Net: NetName=LA_HRESET Pin=IC6-K13
Added Pin To Net: NetName=LA_PPS_IN_LS Pin=IC6-K14
Added Pin To Net: NetName=LA_GPIO_06 Pin=IC6-K15
Added Pin To Net: NetName=LA_GPIO_05 Pin=IC6-L13
Added Pin To Net: NetName=PCIE_REF_CLK_P Pin=IC6-M1
Added Pin To Net: NetName=LA_PPS_OUT_LS Pin=IC6-M8
Added Pin To Net: NetName=TDI Pin=IC6-M10
Added Pin To Net: NetName=TMS Pin=IC6-M12
Added Pin To Net: NetName=LA_CFG_BOOT_SRC0 Pin=IC6-M14
Added Pin To Net: NetName=LA_CFG_TEST_PORT_DIS Pin=IC6-M15
Added Pin To Net: NetName=PCIE_REF_CLK_N Pin=IC6-N1
Added Pin To Net: NetName=TCK Pin=IC6-N10
Added Pin To Net: NetName=TDO Pin=IC6-N12
Added Pin To Net: NetName=PCIE_TX0_P Pin=IC6-P2
Added Pin To Net: NetName=R0_P Pin=IC6-P4
Added Pin To Net: NetName=LA_I2C_SCL_LS Pin=IC6-P6
Added Pin To Net: NetName=LA_SPI_LMS_SS_LS Pin=IC6-P7
Added Pin To Net: NetName=LA_SPI_SCLK_LS Pin=IC6-P8
Added Pin To Net: NetName=GNSS_RXD_LS Pin=IC6-P9
Added Pin To Net: NetName=GNSS_TXD_LS Pin=IC6-P10
Added Pin To Net: NetName=LA_SPI_ADF_SS_LS Pin=IC6-P11
Added Pin To Net: NetName=LA_LED2_LS Pin=IC6-P12
Added Pin To Net: NetName=LA_CFG_PCIE_GEN Pin=IC6-P13
Added Pin To Net: NetName=LA_CFG_RST_HNDSHK Pin=IC6-P14
Added Pin To Net: NetName=LA_CFG_BOOT_SRC1 Pin=IC6-P15
Added Pin To Net: NetName=PCIE_TX0_N Pin=IC6-R2
Added Pin To Net: NetName=R0_N Pin=IC6-R4
Added Pin To Net: NetName=LA_I2C_SDA_LS Pin=IC6-R6
Added Pin To Net: NetName=LA_SPI_MISO_LS Pin=IC6-R8
Added Pin To Net: NetName=LA_SPI_MOSI_LS Pin=IC6-R9
Added Pin To Net: NetName=LA_LED1_LS Pin=IC6-R11
Added Pin To Net: NetName=LA_CFG_BOOT_HO Pin=IC6-R14
Added Pin To Net: NetName=VCC_LMS_BB_ADCDRV Pin=IC9-3
Added Pin To Net: NetName=VCC_LMS_BB_ADCDRV Pin=IC9-4
Added Pin To Net: NetName=LMS_BB_ADC_VCM Pin=IC9-17
Added Pin To Net: NetName=LMS_BB_DRV1A_P Pin=IC9-18
Added Pin To Net: NetName=LMS_BB_DRV1A_N Pin=IC9-19
Added Pin To Net: NetName=PD_LMS_BB_ADC1_DRV Pin=IC9-20
Added Pin To Net: NetName=GND Pin=IC9-21
Added Pin To Net: NetName=GND Pin=IC9-22
Added Pin To Net: NetName=VCC_LMS_BB_ADCDRV Pin=IC15-3
Added Pin To Net: NetName=VCC_LMS_BB_ADCDRV Pin=IC15-4
Added Pin To Net: NetName=LMS_BB_ADC_VCM Pin=IC15-17
Added Pin To Net: NetName=LMS_BB_DRV2A_P Pin=IC15-18
Added Pin To Net: NetName=LMS_BB_DRV2A_N Pin=IC15-19
Added Pin To Net: NetName=PD_LMS_BB_ADC2_DRV Pin=IC15-20
Added Pin To Net: NetName=GND Pin=IC15-21
Added Pin To Net: NetName=GND Pin=IC15-22
Change Net Name : Old Net Name=NetC?_1 New Net Name=NetC251_1
Change Net Name : Old Net Name=NetC?_2 New Net Name=NetC251_2
Change Net Name : Old Net Name=NetIC?_5 New Net Name=NetIC9_5
Change Net Name : Old Net Name=NetIC?_6 New Net Name=NetIC9_6
Change Net Name : Old Net Name=NetIC?_7 New Net Name=NetIC9_7
Change Net Name : Old Net Name=NetIC?_8 New Net Name=NetIC9_8
Change Net Name : Old Net Name=NetR57_1 New Net Name=NetR76_1
Change Net Name : Old Net Name=NetR59_1 New Net Name=NetR70_1
Change Net Name : Old Net Name=NetR?_1 New Net Name=NetR45_1
Added Pin To Net: NetName=NetC237_2 Pin=C237-2
Added Pin To Net: NetName=NetC237_2 Pin=C238-2
Added Pin To Net: NetName=NetC237_2 Pin=C239-2
Added Pin To Net: NetName=NetC237_2 Pin=FR41-2
Added Pin To Net: NetName=NetC237_2 Pin=IC64-6
Added Pin To Net: NetName=NetC237_2 Pin=IC64-7
Added Net: Name=NetC237_2
Added Pin To Net: NetName=NetC241_1 Pin=C241-1
Added Pin To Net: NetName=NetC241_1 Pin=C242-2
Added Pin To Net: NetName=NetC241_1 Pin=R189-1
Added Net: Name=NetC241_1
Added Pin To Net: NetName=NetC241_2 Pin=C241-2
Added Pin To Net: NetName=NetC241_2 Pin=IC64-5
Added Net: Name=NetC241_2
Added Pin To Net: NetName=NetC245_1 Pin=C245-1
Added Pin To Net: NetName=NetC245_1 Pin=C246-2
Added Pin To Net: NetName=NetC245_1 Pin=IC64-18
Added Pin To Net: NetName=NetC245_1 Pin=R190-1
Added Net: Name=NetC245_1
Added Pin To Net: NetName=NetC247_1 Pin=C247-1
Added Pin To Net: NetName=NetC247_1 Pin=IC64-8
Added Net: Name=NetC247_1
Added Pin To Net: NetName=NetC247_2 Pin=C247-2
Added Pin To Net: NetName=NetC247_2 Pin=C248-1
Added Pin To Net: NetName=NetC247_2 Pin=R193-2
Added Net: Name=NetC247_2
Added Pin To Net: NetName=NetC249_2 Pin=C249-2
Added Pin To Net: NetName=NetC249_2 Pin=IC64-4
Added Net: Name=NetC249_2
Added Pin To Net: NetName=NetC253_1 Pin=C253-1
Added Pin To Net: NetName=NetC253_1 Pin=IC64-12
Added Pin To Net: NetName=NetC253_1 Pin=R197-1
Added Net: Name=NetC253_1
Added Pin To Net: NetName=NetIC6_E8 Pin=IC6-E8
Added Pin To Net: NetName=NetIC6_E8 Pin=R127-1
Added Net: Name=NetIC6_E8
Added Pin To Net: NetName=NetIC6_K4 Pin=IC6-K4
Added Pin To Net: NetName=NetIC6_K4 Pin=R81-1
Added Net: Name=NetIC6_K4
Added Pin To Net: NetName=NetIC6_M4 Pin=IC6-M4
Added Pin To Net: NetName=NetIC6_M4 Pin=R75-1
Added Net: Name=NetIC6_M4
Added Pin To Net: NetName=NetIC6_M13 Pin=IC6-M13
Added Pin To Net: NetName=NetIC6_M13 Pin=R63-1
Added Net: Name=NetIC6_M13
Added Pin To Net: NetName=NetIC6_N8 Pin=IC6-N8
Added Pin To Net: NetName=NetIC6_N8 Pin=R89-1
Added Net: Name=NetIC6_N8
Added Pin To Net: NetName=NetIC6_N13 Pin=IC6-N13
Added Pin To Net: NetName=NetIC6_N13 Pin=R76-2
Added Net: Name=NetIC6_N13
Added Pin To Net: NetName=NetIC6_R12 Pin=IC6-R12
Added Pin To Net: NetName=NetIC6_R12 Pin=R56-2
Added Net: Name=NetIC6_R12
Added Pin To Net: NetName=NetIC9_1 Pin=IC9-1
Added Pin To Net: NetName=NetIC9_1 Pin=R277-1
Added Pin To Net: NetName=NetIC9_1 Pin=R284-2
Added Net: Name=NetIC9_1
Added Pin To Net: NetName=NetIC9_2 Pin=IC9-2
Added Pin To Net: NetName=NetIC9_2 Pin=R284-1
Added Net: Name=NetIC9_2
Added Pin To Net: NetName=NetIC9_23 Pin=IC9-23
Added Pin To Net: NetName=NetIC9_23 Pin=R279-1
Added Net: Name=NetIC9_23
Added Pin To Net: NetName=NetIC9_24 Pin=IC9-24
Added Pin To Net: NetName=NetIC9_24 Pin=R279-2
Added Pin To Net: NetName=NetIC9_24 Pin=R283-1
Added Net: Name=NetIC9_24
Added Pin To Net: NetName=NetIC15_1 Pin=IC15-1
Added Pin To Net: NetName=NetIC15_1 Pin=R128-1
Added Pin To Net: NetName=NetIC15_1 Pin=R135-2
Added Net: Name=NetIC15_1
Added Pin To Net: NetName=NetIC15_2 Pin=IC15-2
Added Pin To Net: NetName=NetIC15_2 Pin=R135-1
Added Net: Name=NetIC15_2
Added Pin To Net: NetName=NetIC15_5 Pin=IC15-5
Added Pin To Net: NetName=NetIC15_5 Pin=R142-1
Added Net: Name=NetIC15_5
Added Pin To Net: NetName=NetIC15_6 Pin=IC15-6
Added Pin To Net: NetName=NetIC15_6 Pin=R142-2
Added Pin To Net: NetName=NetIC15_6 Pin=R147-1
Added Net: Name=NetIC15_6
Added Pin To Net: NetName=NetIC15_7 Pin=IC15-7
Added Pin To Net: NetName=NetIC15_7 Pin=R141-1
Added Pin To Net: NetName=NetIC15_7 Pin=R148-2
Added Net: Name=NetIC15_7
Added Pin To Net: NetName=NetIC15_8 Pin=IC15-8
Added Pin To Net: NetName=NetIC15_8 Pin=R148-1
Added Net: Name=NetIC15_8
Added Pin To Net: NetName=NetIC15_23 Pin=IC15-23
Added Pin To Net: NetName=NetIC15_23 Pin=R129-1
Added Net: Name=NetIC15_23
Added Pin To Net: NetName=NetIC15_24 Pin=IC15-24
Added Pin To Net: NetName=NetIC15_24 Pin=R129-2
Added Pin To Net: NetName=NetIC15_24 Pin=R134-1
Added Net: Name=NetIC15_24
Added Pin To Net: NetName=NetR50_1 Pin=R50-1
Added Pin To Net: NetName=NetR50_1 Pin=R51-1
Added Pin To Net: NetName=NetR50_1 Pin=R52-2
Added Net: Name=NetR50_1
Added Member To Class: ClassName=05_LMS7002M_Misc Member=Component C4 100pF, 50V
Added Member To Class: ClassName=05_LMS7002M_Misc Member=Component C7 100pF, 50V
Added Member To Class: ClassName=06_LMS7002M_RF Member=Component C8 1nF, 25V
Added Member To Class: ClassName=08_BB_Processor Member=Component C10 470nF, 16V
Added Member To Class: ClassName=08_BB_Processor Member=Component C13 47uF, 6.3V
Added Member To Class: ClassName=08_BB_Processor Member=Component C14 4.7uF, 6.3V
Added Member To Class: ClassName=08_BB_Processor Member=Component C17 4.7uF, 6.3V
Added Member To Class: ClassName=08_BB_Processor Member=Component C18 4.7uF, 6.3V
Added Member To Class: ClassName=08_BB_Processor Member=Component C26 4.7uF, 6.3V
Added Member To Class: ClassName=08_BB_Processor Member=Component C28 100nF, 6.3V
Added Member To Class: ClassName=08_BB_Processor Member=Component C95 10uF, 10V
Added Member To Class: ClassName=08_BB_Processor Member=Component C96 1uF, 6.3V
Added Member To Class: ClassName=08_BB_Processor Member=Component C97 100nF, 6.3V
Added Member To Class: ClassName=08_BB_Processor Member=Component C98 4.7uF, 6.3V
Added Member To Class: ClassName=08_BB_Processor Member=Component C99 4.7uF, 6.3V
Added Member To Class: ClassName=08_BB_Processor Member=Component C100 470nF, 16V
Added Member To Class: ClassName=08_BB_Processor Member=Component C102 470nF, 16V
Added Member To Class: ClassName=08_BB_Processor Member=Component C104 4.7uF, 6.3V
Added Member To Class: ClassName=08_BB_Processor Member=Component C105 10uF, 10V
Added Member To Class: ClassName=08_BB_Processor Member=Component C106 4.7uF, 6.3V
Added Member To Class: ClassName=08_BB_Processor Member=Component C107 4.7uF, 6.3V
Added Member To Class: ClassName=08_BB_Processor Member=Component C108 4.7uF, 6.3V
Added Member To Class: ClassName=08_BB_Processor Member=Component C109 100pF, 50V
Added Member To Class: ClassName=08_BB_Processor Member=Component C110 100nF, 6.3V
Added Member To Class: ClassName=08_BB_Processor Member=Component C111 4.7uF, 6.3V
Added Member To Class: ClassName=08_BB_Processor Member=Component C112 4.7uF, 6.3V
Added Member To Class: ClassName=08_BB_Processor Member=Component C113 4.7uF, 6.3V
Added Member To Class: ClassName=08_BB_Processor Member=Component C114 4.7uF, 6.3V
Added Member To Class: ClassName=08_BB_Processor Member=Component C115 4.7uF, 6.3V
Added Member To Class: ClassName=08_BB_Processor Member=Component C116 1uF, 6.3V
Added Member To Class: ClassName=08_BB_Processor Member=Component C117 470nF, 16V
Added Member To Class: ClassName=08_BB_Processor Member=Component C118 4.7uF, 6.3V
Added Member To Class: ClassName=08_BB_Processor Member=Component C119 4.7uF, 6.3V
Added Member To Class: ClassName=08_BB_Processor Member=Component C120 4.7uF, 6.3V
Added Member To Class: ClassName=08_BB_Processor Member=Component C121 470nF, 16V
Added Member To Class: ClassName=08_BB_Processor Member=Component C122 4.7uF, 6.3V
Added Member To Class: ClassName=08_BB_Processor Member=Component C123 10uF, 10V
Added Member To Class: ClassName=08_BB_Processor Member=Component C124 4.7uF, 6.3V
Added Member To Class: ClassName=08_BB_Processor Member=Component C125 4.7uF, 6.3V
Added Member To Class: ClassName=08_BB_Processor Member=Component C126 10uF, 10V
Added Member To Class: ClassName=08_BB_Processor Member=Component C127 1uF, 6.3V
Added Member To Class: ClassName=08_BB_Processor Member=Component C128 100nF, 6.3V
Added Member To Class: ClassName=08_BB_Processor Member=Component C129 470nF, 16V
Added Member To Class: ClassName=08_BB_Processor Member=Component C130 4.7uF, 6.3V
Added Member To Class: ClassName=08_BB_Processor Member=Component C131 10uF, 10V
Added Member To Class: ClassName=08_BB_Processor Member=Component C132 4.7uF, 6.3V
Added Member To Class: ClassName=08_BB_Processor Member=Component C133 4.7uF, 6.3V
Added Member To Class: ClassName=08_BB_Processor Member=Component C134 4.7uF, 6.3V
Added Member To Class: ClassName=08_BB_Processor Member=Component C135 4.7uF, 6.3V
Added Member To Class: ClassName=09_ADC_Drivers Member=Component C136 100nF, 16V
Added Member To Class: ClassName=09_ADC_Drivers Member=Component C137 100nF, 16V
Added Member To Class: ClassName=09_ADC_Drivers Member=Component C138 4.7pF, 50V
Added Member To Class: ClassName=09_ADC_Drivers Member=Component C139 100nF, 6.3V
Added Member To Class: ClassName=09_ADC_Drivers Member=Component C140 100nF, 6.3V
Added Member To Class: ClassName=09_ADC_Drivers Member=Component C141 100nF, 16V
Added Member To Class: ClassName=09_ADC_Drivers Member=Component C142 100nF, 16V
Added Member To Class: ClassName=09_ADC_Drivers Member=Component C143 22pF, 50V
Added Member To Class: ClassName=09_ADC_Drivers Member=Component C144 4.7pF, 50V
Added Member To Class: ClassName=09_ADC_Drivers Member=Component C145 100nF, 6.3V
Added Member To Class: ClassName=09_ADC_Drivers Member=Component C146 100nF, 6.3V
Added Member To Class: ClassName=09_ADC_Drivers Member=Component C147 100nF, 6.3V
Added Member To Class: ClassName=09_ADC_Drivers Member=Component C148 100nF, 6.3V
Added Member To Class: ClassName=09_ADC_Drivers Member=Component C149 4.7uF, 6.3V
Added Member To Class: ClassName=09_ADC_Drivers Member=Component C150 4.7uF, 6.3V
Added Member To Class: ClassName=09_ADC_Drivers Member=Component C151 100nF, 16V
Added Member To Class: ClassName=09_ADC_Drivers Member=Component C152 100nF, 16V
Added Member To Class: ClassName=09_ADC_Drivers Member=Component C153 4.7pF, 50V
Added Member To Class: ClassName=09_ADC_Drivers Member=Component C154 100nF, 6.3V
Added Member To Class: ClassName=09_ADC_Drivers Member=Component C155 100nF, 6.3V
Added Member To Class: ClassName=09_ADC_Drivers Member=Component C159 100nF, 16V
Added Member To Class: ClassName=09_ADC_Drivers Member=Component C175 100nF, 16V
Added Member To Class: ClassName=09_ADC_Drivers Member=Component C176 22pF, 50V
Added Member To Class: ClassName=09_ADC_Drivers Member=Component C180 4.7pF, 50V
Added Member To Class: ClassName=09_ADC_Drivers Member=Component C181 100nF, 6.3V
Added Member To Class: ClassName=09_ADC_Drivers Member=Component C182 100nF, 6.3V
Added Member To Class: ClassName=09_ADC_Drivers Member=Component C183 100nF, 6.3V
Added Member To Class: ClassName=09_ADC_Drivers Member=Component C184 100nF, 6.3V
Added Member To Class: ClassName=09_ADC_Drivers Member=Component C185 4.7uF, 6.3V
Added Member To Class: ClassName=09_ADC_Drivers Member=Component C186 4.7uF, 6.3V
Added Member To Class: ClassName=09_ADC_Drivers Member=Component C187 4.7uF, 6.3V
Added Member To Class: ClassName=10_Misc Member=Component C224 100nF, 6.3V
Added Member To Class: ClassName=10_Misc Member=Component C225 100nF, 6.3V
Added Member To Class: ClassName=10_Misc Member=Component C226 100nF, 6.3V
Added Member To Class: ClassName=10_Misc Member=Component C227 100nF, 6.3V
Added Member To Class: ClassName=10_Misc Member=Component C228 100nF, 6.3V
Added Member To Class: ClassName=10_Misc Member=Component C229 100nF, 6.3V
Added Member To Class: ClassName=10_Misc Member=Component C230 100nF, 6.3V
Added Member To Class: ClassName=10_Misc Member=Component C231 100nF, 6.3V
Added Member To Class: ClassName=10_Misc Member=Component C232 100nF, 6.3V
Added Member To Class: ClassName=10_Misc Member=Component C233 100nF, 6.3V
Added Member To Class: ClassName=11_Clock Member=Component C235 1nF, 25V
Added Member To Class: ClassName=11_Clock Member=Component C236 100nF, 6.3V
Added Member To Class: ClassName=11_Clock Member=Component C237 100pF, 50V
Added Member To Class: ClassName=11_Clock Member=Component C238 100pF, 50V
Added Member To Class: ClassName=11_Clock Member=Component C239 100pF, 50V
Added Member To Class: ClassName=11_Clock Member=Component C240 100nF, 6.3V
Added Member To Class: ClassName=11_Clock Member=Component C241 100pF, 50V
Added Member To Class: ClassName=11_Clock Member=Component C242 100pF, 50V
Added Member To Class: ClassName=11_Clock Member=Component C243 100pF, 50V
Added Member To Class: ClassName=11_Clock Member=Component C244 100pF, 50V
Added Member To Class: ClassName=11_Clock Member=Component C245 100pF, 50V
Added Member To Class: ClassName=11_Clock Member=Component C246 100nF, 6.3V
Added Member To Class: ClassName=11_Clock Member=Component C247 1nF, 25V
Added Member To Class: ClassName=11_Clock Member=Component C248 1nF, 25V
Added Member To Class: ClassName=11_Clock Member=Component C249 100pF, 50V
Added Member To Class: ClassName=11_Clock Member=Component C250 22pF, 50V
Added Member To Class: ClassName=11_Clock Member=Component C251 22pF, 50V
Added Member To Class: ClassName=11_Clock Member=Component C252 22pF, 50V
Added Member To Class: ClassName=11_Clock Member=Component C253 22pF, 50V
Added Member To Class: ClassName=09_ADC_Drivers Member=Component FR2 220R, 0.9A
Added Member To Class: ClassName=08_BB_Processor Member=Component IC6 LA9310X7S11AA
Added Member To Class: ClassName=08_BB_Processor Member=Component IC7 SN65LVDS1
Added Member To Class: ClassName=09_ADC_Drivers Member=Component IC9 ADA4930-2
Added Member To Class: ClassName=09_ADC_Drivers Member=Component IC15 ADA4930-2
Added Member To Class: ClassName=10_Misc Member=Component IC17 SN74AVC4T774
Added Member To Class: ClassName=10_Misc Member=Component IC18 SN74AVC4T774
Added Member To Class: ClassName=10_Misc Member=Component IC19 SN74AVC4T774
Added Member To Class: ClassName=10_Misc Member=Component IC22 SN74AVC4T774
Added Member To Class: ClassName=11_Clock Member=Component IC24 74LVC1G3157FZ4
Added Member To Class: ClassName=06_LMS7002M_RF Member=Component MN3 47nH
Added Member To Class: ClassName=05_LMS7002M_Misc Member=Component R34 0R
Added Member To Class: ClassName=05_LMS7002M_Misc Member=Component R35 0R
Added Member To Class: ClassName=05_LMS7002M_Misc Member=Component R36 0R
Added Member To Class: ClassName=05_LMS7002M_Misc Member=Component R37 0R
Added Member To Class: ClassName=05_LMS7002M_Misc Member=Component R38 0R
Added Member To Class: ClassName=05_LMS7002M_Misc Member=Component R39 0R
Added Member To Class: ClassName=05_LMS7002M_Misc Member=Component R40 0R
Added Member To Class: ClassName=05_LMS7002M_Misc Member=Component R41 0R
Added Member To Class: ClassName=05_LMS7002M_Misc Member=Component R42 0R
Added Member To Class: ClassName=05_LMS7002M_Misc Member=Component R43 0R
Added Member To Class: ClassName=05_LMS7002M_Misc Member=Component R44 0R
Added Member To Class: ClassName=05_LMS7002M_Misc Member=Component R45 47R, 1%
Added Member To Class: ClassName=05_LMS7002M_Misc Member=Component R46 0R
Added Member To Class: ClassName=05_LMS7002M_Misc Member=Component R47 100R, 1%
Added Member To Class: ClassName=05_LMS7002M_Misc Member=Component R48 47R, 1%
Added Member To Class: ClassName=05_LMS7002M_Misc Member=Component R49 0R
Added Member To Class: ClassName=05_LMS7002M_Misc Member=Component R50 47R, 1%
Added Member To Class: ClassName=05_LMS7002M_Misc Member=Component R51 0R
Added Member To Class: ClassName=05_LMS7002M_Misc Member=Component R52 100R, 1%
Added Member To Class: ClassName=05_LMS7002M_Misc Member=Component R53 47R, 1%
Added Member To Class: ClassName=05_LMS7002M_Misc Member=Component R54 0R
Added Member To Class: ClassName=08_BB_Processor Member=Component R55 15R, 1%
Added Member To Class: ClassName=08_BB_Processor Member=Component R56 0R
Added Member To Class: ClassName=08_BB_Processor Member=Component R73 0R
Added Member To Class: ClassName=08_BB_Processor Member=Component R74 0R
Added Member To Class: ClassName=08_BB_Processor Member=Component R75 15R, 1%
Added Member To Class: ClassName=08_BB_Processor Member=Component R76 15R, 1%
Added Member To Class: ClassName=08_BB_Processor Member=Component R77 0R
Added Member To Class: ClassName=08_BB_Processor Member=Component R79 0R
Added Member To Class: ClassName=08_BB_Processor Member=Component R81 15R, 1%
Added Member To Class: ClassName=08_BB_Processor Member=Component R83 100R, 1%
Added Member To Class: ClassName=08_BB_Processor Member=Component R84 47R, 1%
Added Member To Class: ClassName=08_BB_Processor Member=Component R85 0R
Added Member To Class: ClassName=08_BB_Processor Member=Component R89 0R
Added Member To Class: ClassName=08_BB_Processor Member=Component R92 47R, 1%
Added Member To Class: ClassName=08_BB_Processor Member=Component R94 47R, 1%
Added Member To Class: ClassName=08_BB_Processor Member=Component R95 47R, 1%
Added Member To Class: ClassName=08_BB_Processor Member=Component R99 47R, 1%
Added Member To Class: ClassName=08_BB_Processor Member=Component R100 47R, 1%
Added Member To Class: ClassName=08_BB_Processor Member=Component R101 47R, 1%
Added Member To Class: ClassName=08_BB_Processor Member=Component R122 47R, 1%
Added Member To Class: ClassName=08_BB_Processor Member=Component R123 47R, 1%
Added Member To Class: ClassName=08_BB_Processor Member=Component R127 10k, 1%
Added Member To Class: ClassName=09_ADC_Drivers Member=Component R128 300R, 1%
Added Member To Class: ClassName=09_ADC_Drivers Member=Component R129 560R, 1%
Added Member To Class: ClassName=09_ADC_Drivers Member=Component R130 120R, 1%
Added Member To Class: ClassName=09_ADC_Drivers Member=Component R131 47R, 1%
Added Member To Class: ClassName=09_ADC_Drivers Member=Component R132 39R, 1%
Added Member To Class: ClassName=09_ADC_Drivers Member=Component R133 47R, 1%
Added Member To Class: ClassName=09_ADC_Drivers Member=Component R134 300R, 1%
Added Member To Class: ClassName=09_ADC_Drivers Member=Component R135 560R, 1%
Added Member To Class: ClassName=09_ADC_Drivers Member=Component R136 47R, 1%
Added Member To Class: ClassName=09_ADC_Drivers Member=Component R137 39R, 1%
Added Member To Class: ClassName=09_ADC_Drivers Member=Component R138 47R, 1%
Added Member To Class: ClassName=09_ADC_Drivers Member=Component R139 10k, 1%
Added Member To Class: ClassName=09_ADC_Drivers Member=Component R140 10k, 1%
Added Member To Class: ClassName=09_ADC_Drivers Member=Component R141 300R, 1%
Added Member To Class: ClassName=09_ADC_Drivers Member=Component R142 560R, 1%
Added Member To Class: ClassName=09_ADC_Drivers Member=Component R143 120R, 1%
Added Member To Class: ClassName=09_ADC_Drivers Member=Component R144 47R, 1%
Added Member To Class: ClassName=09_ADC_Drivers Member=Component R145 39R, 1%
Added Member To Class: ClassName=09_ADC_Drivers Member=Component R146 47R, 1%
Added Member To Class: ClassName=09_ADC_Drivers Member=Component R147 300R, 1%
Added Member To Class: ClassName=09_ADC_Drivers Member=Component R148 560R, 1%
Added Member To Class: ClassName=09_ADC_Drivers Member=Component R149 47R, 1%
Added Member To Class: ClassName=09_ADC_Drivers Member=Component R150 39R, 1%
Added Member To Class: ClassName=09_ADC_Drivers Member=Component R151 47R, 1%
Added Member To Class: ClassName=09_ADC_Drivers Member=Component R152 1k, 1%
Added Member To Class: ClassName=10_Misc Member=Component R154 10k, 1%
Added Member To Class: ClassName=10_Misc Member=Component R155 10k, 1%
Added Member To Class: ClassName=10_Misc Member=Component R156 10k, 1%
Added Member To Class: ClassName=10_Misc Member=Component R157 10k, 1%
Added Member To Class: ClassName=10_Misc Member=Component R158 10k, 1%
Added Member To Class: ClassName=10_Misc Member=Component R159 10k, 1%
Added Member To Class: ClassName=10_Misc Member=Component R160 10k, 1%
Added Member To Class: ClassName=10_Misc Member=Component R161 10k, 1%
Added Member To Class: ClassName=10_Misc Member=Component R162 10k, 1%
Added Member To Class: ClassName=10_Misc Member=Component R163 10k, 1%
Added Member To Class: ClassName=10_Misc Member=Component R164 10k, 1%
Added Member To Class: ClassName=10_Misc Member=Component R165 10k, 1%
Added Member To Class: ClassName=10_Misc Member=Component R166 10k, 1%
Added Member To Class: ClassName=10_Misc Member=Component R167 10k, 1%
Added Member To Class: ClassName=10_Misc Member=Component R168 10k, 1%
Added Member To Class: ClassName=10_Misc Member=Component R169 10k, 1%
Added Member To Class: ClassName=10_Misc Member=Component R170 10k, 1%
Added Member To Class: ClassName=10_Misc Member=Component R171 0R
Added Member To Class: ClassName=10_Misc Member=Component R172 0R
Added Member To Class: ClassName=10_Misc Member=Component R173 0R
Added Member To Class: ClassName=10_Misc Member=Component R174 10k, 1%
Added Member To Class: ClassName=10_Misc Member=Component R175 10k, 1%
Added Member To Class: ClassName=10_Misc Member=Component R176 0R
Added Member To Class: ClassName=10_Misc Member=Component R177 0R
Added Member To Class: ClassName=10_Misc Member=Component R178 10k, 1%
Added Member To Class: ClassName=10_Misc Member=Component R179 10k, 1%
Added Member To Class: ClassName=10_Misc Member=Component R180 100k, 1%
Added Member To Class: ClassName=11_Clock Member=Component R181 0R
Added Member To Class: ClassName=11_Clock Member=Component R182 1k, 1%
Added Member To Class: ClassName=11_Clock Member=Component R183 1k, 1%
Added Member To Class: ClassName=11_Clock Member=Component R184 0R
Added Member To Class: ClassName=11_Clock Member=Component R185 0R
Added Member To Class: ClassName=11_Clock Member=Component R186 0R
Added Member To Class: ClassName=11_Clock Member=Component R188 0R
Added Member To Class: ClassName=11_Clock Member=Component R189 47R, 1%
Added Member To Class: ClassName=11_Clock Member=Component R190 10R, 1%
Added Member To Class: ClassName=11_Clock Member=Component R191 1k, 1%
Added Member To Class: ClassName=11_Clock Member=Component R192 330R, 1%
Added Member To Class: ClassName=11_Clock Member=Component R193 47R, 1%
Added Member To Class: ClassName=11_Clock Member=Component R194 10k, 1%
Added Member To Class: ClassName=11_Clock Member=Component R195 330R, 1%
Added Member To Class: ClassName=11_Clock Member=Component R196 10k, 1%
Added Member To Class: ClassName=11_Clock Member=Component R197 47R, 1%
Added Member To Class: ClassName=11_Clock Member=Component R198 47R, 1%
Added Member To Class: ClassName=11_Clock Member=Component R199 47R, 1%
Added Member To Class: ClassName=10_Misc Member=Component TP2 TESTPOINT_PAD
Added Member To Class: ClassName=10_Misc Member=Component TP4 TESTPOINT_PAD
Added Member To Class: ClassName=10_Misc Member=Component TP5 TESTPOINT_PAD
Added Member To Class: ClassName=11_Clock Member=Component X6 U.FL/MMCX
