Removed Pin From Net: NetName=VCC3P3 Pin=TP2-1
Removed Pin From Net: NetName=LA_I2C_SCL Pin=TP3-1
Removed Pin From Net: NetName=LA_I2C_SDA Pin=TP4-1
Removed Pin From Net: NetName=GND Pin=TP5-1
Removed Member From Class: ClassName=09_ADC_Drivers Member=C236
Removed Member From Class: ClassName=11_Clock Member=FR2
Removed Member From Class: ClassName=11_Clock Member=FR42
Removed Member From Class: ClassName=10_Misc Member=IC6
Removed Member From Class: ClassName=10_Misc Member=R76
Removed Member From Class: ClassName=05_LMS7002M_Misc Member=R83
Removed Member From Class: ClassName=08_BB_Processor Member=R152
Removed Member From Class: ClassName=08_BB_Processor Member=R168
Removed Member From Class: ClassName=09_ADC_Drivers Member=R182
Removed Member From Class: ClassName=10_Misc Member=TP2
Removed Member From Class: ClassName=10_Misc Member=TP3
Removed Member From Class: ClassName=10_Misc Member=TP4
Removed Member From Class: ClassName=10_Misc Member=TP5
Added Component: Designator=X11(Molex_0788641001_spring_contacts)
Add component. Clean all parameters for all variants
Add component (AddParameter): Name = "Assembly Info"; Value = "NF"; VariantName = "[No Variations]"
Add component (AddParameter): Name = "ComponentLink1Description"; Value = "http://www.farnell.com/datasheets/2216617.pdf?src-supplier=Farnell"; VariantName = "[No Variations]"
Add component (AddParameter): Name = "ComponentLink1URL"; Value = "http://www.farnell.com/datasheets/2216617.pdf?src-supplier=Farnell"; VariantName = "[No Variations]"
Add component (AddParameter): Name = "ComponentLink2Description"; Value = "http://www.farnell.com/datasheets/2216617.pdf?src-supplier=Newark"; VariantName = "[No Variations]"
Add component (AddParameter): Name = "ComponentLink2URL"; Value = "http://www.farnell.com/datasheets/2216617.pdf?src-supplier=Newark"; VariantName = "[No Variations]"
Add component (AddParameter): Name = "ComponentLink3Description"; Value = "http://www.farnell.com/datasheets/1862322.pdf?src-supplier=Element14"; VariantName = "[No Variations]"
Add component (AddParameter): Name = "ComponentLink3URL"; Value = "http://www.farnell.com/datasheets/1862322.pdf?src-supplier=Element14"; VariantName = "[No Variations]"
Add component (AddParameter): Name = "Contact Material"; Value = "Copper Alloy"; VariantName = "[No Variations]"
Add component (AddParameter): Name = "Glow Wire Compliant"; Value = "Non-compliant"; VariantName = "[No Variations]"
Add component (AddParameter): Name = "Halogen Free"; Value = "Low Halogen"; VariantName = "[No Variations]"
Add component (AddParameter): Name = "Manufacturer"; Value = "Molex"; VariantName = "[No Variations]"
Add component (AddParameter): Name = "Manufacturer Part Number 1"; Value = "78864-1001"; VariantName = "[No Variations]"
Add component (AddParameter): Name = "Number of Circuits"; Value = "6"; VariantName = "[No Variations]"
Add component (AddParameter): Name = "Number of Contacts"; Value = "6"; VariantName = "[No Variations]"
Add component (AddParameter): Name = "Orientation"; Value = "Vertical"; VariantName = "[No Variations]"
Add component (AddParameter): Name = "Part Description"; Value = "6 Position Spring Battery Contact Connector Surface Mount"; VariantName = "[No Variations]"
Add component (AddParameter): Name = "Pricing 1"; Value = "1=0,45000, 10=0,36500, 100=0,26730, 1000=0,21263 (USD)"; VariantName = "[No Variations]"
Add component (AddParameter): Name = "RoHS"; Value = "Yes"; VariantName = "[No Variations]"
Add component (AddParameter): Name = "Stock 1"; Value = "133097"; VariantName = "[No Variations]"
Add component (AddParameter): Name = "Supplier 1"; Value = "Digi-Key"; VariantName = "[No Variations]"
Add component (AddParameter): Name = "Supplier Part Number 1"; Value = "WM11204CT-ND"; VariantName = "[No Variations]"
Add component (AddParameter): Name = "Voltage Rating"; Value = "10V"; VariantName = "[No Variations]"
Add component (AddParameter): Name = "Voltage Rating (DC)"; Value = "10V"; VariantName = "[No Variations]"
Added Pin To Net: NetName=VCC3P3 Pin=X11-1
Added Pin To Net: NetName=LA_I2C_SCL Pin=X11-2
Added Pin To Net: NetName=LA_I2C_SDA Pin=X11-5
Added Pin To Net: NetName=GND Pin=X11-6
Added Member To Class: ClassName=06_LMS7002M_RF Member=Component C20 1nF, 25V
Added Member To Class: ClassName=11_Clock Member=Component C169 1nF, 25V
Added Member To Class: ClassName=09_ADC_Drivers Member=Component C173 100nF, 6.3V
Added Member To Class: ClassName=11_Clock Member=Component C234 1uF, 6.3V
Added Member To Class: ClassName=09_ADC_Drivers Member=Component C584 4.7pF, 50V
Added Member To Class: ClassName=09_ADC_Drivers Member=Component C585 22pF, 50V
Added Member To Class: ClassName=09_ADC_Drivers Member=Component C586 4.7pF, 50V
Added Member To Class: ClassName=09_ADC_Drivers Member=Component C591 4.7pF, 50V
Added Member To Class: ClassName=09_ADC_Drivers Member=Component C592 22pF, 50V
Added Member To Class: ClassName=09_ADC_Drivers Member=Component C593 4.7pF, 50V
Added Member To Class: ClassName=11_Clock Member=Component FR41 600R, 0.27A
Added Member To Class: ClassName=11_Clock Member=Component FR43 220R, 0.9A
Added Member To Class: ClassName=11_Clock Member=Component IC12 74LVC1G3157FZ4
Added Member To Class: ClassName=10_Misc Member=Component IC23 MCP23017-E/ML
Added Member To Class: ClassName=06_LMS7002M_RF Member=Component MN54 47nH
Added Member To Class: ClassName=05_LMS7002M_Misc Member=Component R6 10k, 1%
Added Member To Class: ClassName=05_LMS7002M_Misc Member=Component R14 0R
Added Member To Class: ClassName=05_LMS7002M_Misc Member=Component R17 100R, 1%
Added Member To Class: ClassName=08_BB_Processor Member=Component R57 15R, 1%
Added Member To Class: ClassName=10_Misc Member=Component R59 0R
Added Member To Class: ClassName=09_ADC_Drivers Member=Component R62 1k, 1%
Added Member To Class: ClassName=08_BB_Processor Member=Component R63 1k, 1%
Added Member To Class: ClassName=08_BB_Processor Member=Component R82 10k, 1%
Added Member To Class: ClassName=10_Misc Member=Component R153 15R, 1%
Added Member To Class: ClassName=09_ADC_Drivers Member=Component R277 300R, 1%
Added Member To Class: ClassName=09_ADC_Drivers Member=Component R279 560R, 1%
Added Member To Class: ClassName=09_ADC_Drivers Member=Component R280 120R, 1%
Added Member To Class: ClassName=09_ADC_Drivers Member=Component R281 39R, 1%
Added Member To Class: ClassName=09_ADC_Drivers Member=Component R283 300R, 1%
Added Member To Class: ClassName=09_ADC_Drivers Member=Component R284 560R, 1%
Added Member To Class: ClassName=09_ADC_Drivers Member=Component R285 39R, 1%
Added Member To Class: ClassName=09_ADC_Drivers Member=Component R288 300R, 1%
Added Member To Class: ClassName=09_ADC_Drivers Member=Component R289 560R, 1%
Added Member To Class: ClassName=09_ADC_Drivers Member=Component R290 120R, 1%
Added Member To Class: ClassName=09_ADC_Drivers Member=Component R291 39R, 1%
Added Member To Class: ClassName=09_ADC_Drivers Member=Component R293 300R, 1%
Added Member To Class: ClassName=09_ADC_Drivers Member=Component R294 560R, 1%
Added Member To Class: ClassName=09_ADC_Drivers Member=Component R295 39R, 1%
Added Member To Class: ClassName=11_Clock Member=Component X6 U.FL/MMCX
Added Member To Class: ClassName=10_Misc Member=Component X11 Molex 0788641001
