Removed Pin From Net: NetName=VCC1P8 Pin=R174-1
Removed Pin From Net: NetName=VCC1P8 Pin=VT1-G
Change Component Footprint: Designator=VT1 Old Footprint=SOT23-3 New Footprint=SOT523
Change Component Footprint: Designator=VT2 Old Footprint=SOT23-3 New Footprint=SOT523
Change Component Comment : Designator=VT1 Old Comment=IRLML6244 New Comment=DMG1012T
Change Component Comment : Designator=VT2 Old Comment=IRLML6244 New Comment=DMG1012T
Change component parameters: Designator = "VT1"; Footprint = "SOT523"; UniqueID = "\MVKDBQZR"
Change component parameters. Clean all parameters for all variants
Change component parameters (AddParameter): Name = "Assembly Info"; Value = ""; VariantName = "[No Variations]"
Change component parameters (AddParameter): Name = "Category"; Value = "Discrete Semiconductor Products"; VariantName = "[No Variations]"
Change component parameters (AddParameter): Name = "ComponentLink1Description"; Value = "https://www.diodes.com/assets/Datasheets/ds31783.pdf"; VariantName = "[No Variations]"
Change component parameters (AddParameter): Name = "ComponentLink1URL"; Value = "https://www.diodes.com/assets/Datasheets/ds31783.pdf"; VariantName = "[No Variations]"
Change component parameters (AddParameter): Name = "Current - Continuous Drain (Id) @ 25°C"; Value = "630mA (Ta)"; VariantName = "[No Variations]"
Change component parameters (AddParameter): Name = "Drive Voltage (Max Rds On,  Min Rds On)"; Value = "1.8V, 4.5V"; VariantName = "[No Variations]"
Change component parameters (AddParameter): Name = "FET Feature"; Value = "-"; VariantName = "[No Variations]"
Change component parameters (AddParameter): Name = "FET Type"; Value = "N-Channel"; VariantName = "[No Variations]"
Change component parameters (AddParameter): Name = "Manufacturer"; Value = "Diodes Incorporated"; VariantName = "[No Variations]"
Change component parameters (AddParameter): Name = "Manufacturer Part Number 1"; Value = "DMG1012TQ-7"; VariantName = "[No Variations]"
Change component parameters (AddParameter): Name = "Mounting Type"; Value = "Surface Mount"; VariantName = "[No Variations]"
Change component parameters (AddParameter): Name = "Operating Temperature"; Value = "-55°C ~ 150°C (TJ)"; VariantName = "[No Variations]"
Change component parameters (AddParameter): Name = "Package / Case"; Value = "SOT-523"; VariantName = "[No Variations]"
Change component parameters (AddParameter): Name = "Packaging"; Value = "Cut Tape (CT)"; VariantName = "[No Variations]"
Change component parameters (AddParameter): Name = "Part Description"; Value = "N-Channel 20V 630mA (Ta) 280mW (Ta) Surface Mount SOT-523"; VariantName = "[No Variations]"
Change component parameters (AddParameter): Name = "Part Status"; Value = "Active"; VariantName = "[No Variations]"
Change component parameters (AddParameter): Name = "Power Dissipation (Max)"; Value = "280mW (Ta)"; VariantName = "[No Variations]"
Change component parameters (AddParameter): Name = "Pricing 1"; Value = "1=0.47, 10=0.424, 100=0.2375, 500=0.12722, 1000=0.08651 (USD)"; VariantName = "[No Variations]"
Change component parameters (AddParameter): Name = "Rds On (Max) @ Id, Vgs"; Value = "400 mOhm @ 600mA, 4.5V"; VariantName = "[No Variations]"
Change component parameters (AddParameter): Name = "RoHS"; Value = "RoHS Compliant"; VariantName = "[No Variations]"
Change component parameters (AddParameter): Name = "Stock 1"; Value = "3569"; VariantName = "[No Variations]"
Change component parameters (AddParameter): Name = "Supplier 1"; Value = "Digi-Key"; VariantName = "[No Variations]"
Change component parameters (AddParameter): Name = "Supplier Device Package"; Value = "SOT-523"; VariantName = "[No Variations]"
Change component parameters (AddParameter): Name = "Supplier Part Number 1"; Value = "DMG1012TQ-7DICT-ND"; VariantName = "[No Variations]"
Change component parameters (AddParameter): Name = "Technology"; Value = "MOSFET (Metal Oxide)"; VariantName = "[No Variations]"
Change component parameters (AddParameter): Name = "Vgs (Max)"; Value = "±6V"; VariantName = "[No Variations]"
Change component parameters (AddParameter): Name = "Vgs(th) (Max) @ Id"; Value = "1V @ 250µA"; VariantName = "[No Variations]"
Change component parameters: Designator = "VT2"; Footprint = "SOT523"; UniqueID = "\KQPYDOXW"
Change component parameters. Clean all parameters for all variants
Change component parameters (AddParameter): Name = "Assembly Info"; Value = ""; VariantName = "[No Variations]"
Change component parameters (AddParameter): Name = "Category"; Value = "Discrete Semiconductor Products"; VariantName = "[No Variations]"
Change component parameters (AddParameter): Name = "ComponentLink1Description"; Value = "https://www.diodes.com/assets/Datasheets/ds31783.pdf"; VariantName = "[No Variations]"
Change component parameters (AddParameter): Name = "ComponentLink1URL"; Value = "https://www.diodes.com/assets/Datasheets/ds31783.pdf"; VariantName = "[No Variations]"
Change component parameters (AddParameter): Name = "Current - Continuous Drain (Id) @ 25°C"; Value = "630mA (Ta)"; VariantName = "[No Variations]"
Change component parameters (AddParameter): Name = "Drive Voltage (Max Rds On,  Min Rds On)"; Value = "1.8V, 4.5V"; VariantName = "[No Variations]"
Change component parameters (AddParameter): Name = "FET Feature"; Value = "-"; VariantName = "[No Variations]"
Change component parameters (AddParameter): Name = "FET Type"; Value = "N-Channel"; VariantName = "[No Variations]"
Change component parameters (AddParameter): Name = "Manufacturer"; Value = "Diodes Incorporated"; VariantName = "[No Variations]"
Change component parameters (AddParameter): Name = "Manufacturer Part Number 1"; Value = "DMG1012TQ-7"; VariantName = "[No Variations]"
Change component parameters (AddParameter): Name = "Mounting Type"; Value = "Surface Mount"; VariantName = "[No Variations]"
Change component parameters (AddParameter): Name = "Operating Temperature"; Value = "-55°C ~ 150°C (TJ)"; VariantName = "[No Variations]"
Change component parameters (AddParameter): Name = "Package / Case"; Value = "SOT-523"; VariantName = "[No Variations]"
Change component parameters (AddParameter): Name = "Packaging"; Value = "Cut Tape (CT)"; VariantName = "[No Variations]"
Change component parameters (AddParameter): Name = "Part Description"; Value = "N-Channel 20V 630mA (Ta) 280mW (Ta) Surface Mount SOT-523"; VariantName = "[No Variations]"
Change component parameters (AddParameter): Name = "Part Status"; Value = "Active"; VariantName = "[No Variations]"
Change component parameters (AddParameter): Name = "Power Dissipation (Max)"; Value = "280mW (Ta)"; VariantName = "[No Variations]"
Change component parameters (AddParameter): Name = "Pricing 1"; Value = "1=0.47, 10=0.424, 100=0.2375, 500=0.12722, 1000=0.08651 (USD)"; VariantName = "[No Variations]"
Change component parameters (AddParameter): Name = "Rds On (Max) @ Id, Vgs"; Value = "400 mOhm @ 600mA, 4.5V"; VariantName = "[No Variations]"
Change component parameters (AddParameter): Name = "RoHS"; Value = "RoHS Compliant"; VariantName = "[No Variations]"
Change component parameters (AddParameter): Name = "Stock 1"; Value = "3569"; VariantName = "[No Variations]"
Change component parameters (AddParameter): Name = "Supplier 1"; Value = "Digi-Key"; VariantName = "[No Variations]"
Change component parameters (AddParameter): Name = "Supplier Device Package"; Value = "SOT-523"; VariantName = "[No Variations]"
Change component parameters (AddParameter): Name = "Supplier Part Number 1"; Value = "DMG1012TQ-7DICT-ND"; VariantName = "[No Variations]"
Change component parameters (AddParameter): Name = "Technology"; Value = "MOSFET (Metal Oxide)"; VariantName = "[No Variations]"
Change component parameters (AddParameter): Name = "Vgs (Max)"; Value = "±6V"; VariantName = "[No Variations]"
Change component parameters (AddParameter): Name = "Vgs(th) (Max) @ Id"; Value = "1V @ 250µA"; VariantName = "[No Variations]"
Added Pin To Net: NetName=NetR174_1 Pin=R174-1
Added Pin To Net: NetName=NetR174_1 Pin=VT1-G
Added Net: Name=NetR174_1
Added Member To Class: ClassName=11_Clock Member=Component X6 U.FL/MMCX
