Removed Pin From Net: NetName=LA_TX_I_P Pin=IC6-A7
Removed Pin From Net: NetName=LA_TX_Q_P Pin=IC6-A9
Change Component Footprint: Designator=C14 Old Footprint=CAP0402 New Footprint=CAP0201
Change Component Footprint: Designator=C17 Old Footprint=CAP0402 New Footprint=CAP0201
Change Component Footprint: Designator=C18 Old Footprint=CAP0402 New Footprint=CAP0201
Change Component Footprint: Designator=C26 Old Footprint=CAP0402 New Footprint=CAP0201
Change Component Footprint: Designator=C98 Old Footprint=CAP0402 New Footprint=CAP0201
Change Component Footprint: Designator=C99 Old Footprint=CAP0402 New Footprint=CAP0201
Change Component Footprint: Designator=C104 Old Footprint=CAP0402 New Footprint=CAP0201
Change Component Footprint: Designator=C106 Old Footprint=CAP0402 New Footprint=CAP0201
Change Component Footprint: Designator=C107 Old Footprint=CAP0402 New Footprint=CAP0201
Change Component Footprint: Designator=C108 Old Footprint=CAP0402 New Footprint=CAP0201
Change Component Footprint: Designator=C111 Old Footprint=CAP0402 New Footprint=CAP0201
Change Component Footprint: Designator=C112 Old Footprint=CAP0402 New Footprint=CAP0201
Change Component Footprint: Designator=C113 Old Footprint=CAP0402 New Footprint=CAP0201
Change Component Footprint: Designator=C114 Old Footprint=CAP0402 New Footprint=CAP0201
Change Component Footprint: Designator=C115 Old Footprint=CAP0402 New Footprint=CAP0201
Change Component Footprint: Designator=C118 Old Footprint=CAP0402 New Footprint=CAP0201
Change Component Footprint: Designator=C119 Old Footprint=CAP0402 New Footprint=CAP0201
Change Component Footprint: Designator=C120 Old Footprint=CAP0402 New Footprint=CAP0201
Change Component Footprint: Designator=C122 Old Footprint=CAP0402 New Footprint=CAP0201
Change Component Footprint: Designator=C124 Old Footprint=CAP0402 New Footprint=CAP0201
Change Component Footprint: Designator=C125 Old Footprint=CAP0402 New Footprint=CAP0201
Change Component Footprint: Designator=C130 Old Footprint=CAP0402 New Footprint=CAP0201
Change Component Footprint: Designator=C132 Old Footprint=CAP0402 New Footprint=CAP0201
Change Component Footprint: Designator=C133 Old Footprint=CAP0402 New Footprint=CAP0201
Change Component Footprint: Designator=C134 Old Footprint=CAP0402 New Footprint=CAP0201
Change Component Footprint: Designator=C135 Old Footprint=CAP0402 New Footprint=CAP0201
Change component parameters: Designator = "C14"; Footprint = "CAP0201"; UniqueID = "\SBATDZBB"
Change component parameters. Clean all parameters for all variants
Change component parameters (AddParameter): Name = "Assembly Info"; Value = ""; VariantName = "[No Variations]"
Change component parameters (AddParameter): Name = "Capacitance"; Value = "4.7ÁF"; VariantName = "[No Variations]"
Change component parameters (AddParameter): Name = "Part Description"; Value = ""; VariantName = "[No Variations]"
Change component parameters (AddParameter): Name = "Value"; Value = "4.7uF, 6.3V"; VariantName = "[No Variations]"
Change component parameters: Designator = "C17"; Footprint = "CAP0201"; UniqueID = "\WNVRRPFV"
Change component parameters. Clean all parameters for all variants
Change component parameters (AddParameter): Name = "Assembly Info"; Value = ""; VariantName = "[No Variations]"
Change component parameters (AddParameter): Name = "Capacitance"; Value = "4.7ÁF"; VariantName = "[No Variations]"
Change component parameters (AddParameter): Name = "Part Description"; Value = ""; VariantName = "[No Variations]"
Change component parameters (AddParameter): Name = "Value"; Value = "4.7uF, 6.3V"; VariantName = "[No Variations]"
Change component parameters: Designator = "C18"; Footprint = "CAP0201"; UniqueID = "\ZIHJWPYU"
Change component parameters. Clean all parameters for all variants
Change component parameters (AddParameter): Name = "Assembly Info"; Value = ""; VariantName = "[No Variations]"
Change component parameters (AddParameter): Name = "Capacitance"; Value = "4.7ÁF"; VariantName = "[No Variations]"
Change component parameters (AddParameter): Name = "Part Description"; Value = ""; VariantName = "[No Variations]"
Change component parameters (AddParameter): Name = "Value"; Value = "4.7uF, 6.3V"; VariantName = "[No Variations]"
Change component parameters: Designator = "C26"; Footprint = "CAP0201"; UniqueID = "\EJZERUZT"
Change component parameters. Clean all parameters for all variants
Change component parameters (AddParameter): Name = "Assembly Info"; Value = ""; VariantName = "[No Variations]"
Change component parameters (AddParameter): Name = "Capacitance"; Value = "4.7ÁF"; VariantName = "[No Variations]"
Change component parameters (AddParameter): Name = "Part Description"; Value = ""; VariantName = "[No Variations]"
Change component parameters (AddParameter): Name = "Value"; Value = "4.7uF, 6.3V"; VariantName = "[No Variations]"
Change component parameters: Designator = "C98"; Footprint = "CAP0201"; UniqueID = "\FUOBVEQO"
Change component parameters. Clean all parameters for all variants
Change component parameters (AddParameter): Name = "Assembly Info"; Value = ""; VariantName = "[No Variations]"
Change component parameters (AddParameter): Name = "Capacitance"; Value = "4.7ÁF"; VariantName = "[No Variations]"
Change component parameters (AddParameter): Name = "Part Description"; Value = ""; VariantName = "[No Variations]"
Change component parameters (AddParameter): Name = "Value"; Value = "4.7uF, 6.3V"; VariantName = "[No Variations]"
Change component parameters: Designator = "C99"; Footprint = "CAP0201"; UniqueID = "\YSVDNWNI"
Change component parameters. Clean all parameters for all variants
Change component parameters (AddParameter): Name = "Assembly Info"; Value = ""; VariantName = "[No Variations]"
Change component parameters (AddParameter): Name = "Capacitance"; Value = "4.7ÁF"; VariantName = "[No Variations]"
Change component parameters (AddParameter): Name = "Part Description"; Value = ""; VariantName = "[No Variations]"
Change component parameters (AddParameter): Name = "Value"; Value = "4.7uF, 6.3V"; VariantName = "[No Variations]"
Change component parameters: Designator = "C104"; Footprint = "CAP0201"; UniqueID = "\YCCPHEBY"
Change component parameters. Clean all parameters for all variants
Change component parameters (AddParameter): Name = "Assembly Info"; Value = ""; VariantName = "[No Variations]"
Change component parameters (AddParameter): Name = "Capacitance"; Value = "4.7ÁF"; VariantName = "[No Variations]"
Change component parameters (AddParameter): Name = "Part Description"; Value = ""; VariantName = "[No Variations]"
Change component parameters (AddParameter): Name = "Value"; Value = "4.7uF, 6.3V"; VariantName = "[No Variations]"
Change component parameters: Designator = "C106"; Footprint = "CAP0201"; UniqueID = "\FVGRARHO"
Change component parameters. Clean all parameters for all variants
Change component parameters (AddParameter): Name = "Assembly Info"; Value = ""; VariantName = "[No Variations]"
Change component parameters (AddParameter): Name = "Capacitance"; Value = "4.7ÁF"; VariantName = "[No Variations]"
Change component parameters (AddParameter): Name = "Part Description"; Value = ""; VariantName = "[No Variations]"
Change component parameters (AddParameter): Name = "Value"; Value = "4.7uF, 6.3V"; VariantName = "[No Variations]"
Change component parameters: Designator = "C107"; Footprint = "CAP0201"; UniqueID = "\ZHOJNJZO"
Change component parameters. Clean all parameters for all variants
Change component parameters (AddParameter): Name = "Assembly Info"; Value = ""; VariantName = "[No Variations]"
Change component parameters (AddParameter): Name = "Capacitance"; Value = "4.7ÁF"; VariantName = "[No Variations]"
Change component parameters (AddParameter): Name = "Part Description"; Value = ""; VariantName = "[No Variations]"
Change component parameters (AddParameter): Name = "Value"; Value = "4.7uF, 6.3V"; VariantName = "[No Variations]"
Change component parameters: Designator = "C108"; Footprint = "CAP0201"; UniqueID = "\DWZHYAQG"
Change component parameters. Clean all parameters for all variants
Change component parameters (AddParameter): Name = "Assembly Info"; Value = ""; VariantName = "[No Variations]"
Change component parameters (AddParameter): Name = "Capacitance"; Value = "4.7ÁF"; VariantName = "[No Variations]"
Change component parameters (AddParameter): Name = "Part Description"; Value = ""; VariantName = "[No Variations]"
Change component parameters (AddParameter): Name = "Value"; Value = "4.7uF, 6.3V"; VariantName = "[No Variations]"
Change component parameters: Designator = "C111"; Footprint = "CAP0201"; UniqueID = "\GKQMAEZD"
Change component parameters. Clean all parameters for all variants
Change component parameters (AddParameter): Name = "Assembly Info"; Value = ""; VariantName = "[No Variations]"
Change component parameters (AddParameter): Name = "Capacitance"; Value = "4.7ÁF"; VariantName = "[No Variations]"
Change component parameters (AddParameter): Name = "Part Description"; Value = ""; VariantName = "[No Variations]"
Change component parameters (AddParameter): Name = "Value"; Value = "4.7uF, 6.3V"; VariantName = "[No Variations]"
Change component parameters: Designator = "C112"; Footprint = "CAP0201"; UniqueID = "\MTLOIGOQ"
Change component parameters. Clean all parameters for all variants
Change component parameters (AddParameter): Name = "Assembly Info"; Value = ""; VariantName = "[No Variations]"
Change component parameters (AddParameter): Name = "Capacitance"; Value = "4.7ÁF"; VariantName = "[No Variations]"
Change component parameters (AddParameter): Name = "Part Description"; Value = ""; VariantName = "[No Variations]"
Change component parameters (AddParameter): Name = "Value"; Value = "4.7uF, 6.3V"; VariantName = "[No Variations]"
Change component parameters: Designator = "C113"; Footprint = "CAP0201"; UniqueID = "\QNXDSWZL"
Change component parameters. Clean all parameters for all variants
Change component parameters (AddParameter): Name = "Assembly Info"; Value = ""; VariantName = "[No Variations]"
Change component parameters (AddParameter): Name = "Capacitance"; Value = "4.7ÁF"; VariantName = "[No Variations]"
Change component parameters (AddParameter): Name = "Part Description"; Value = ""; VariantName = "[No Variations]"
Change component parameters (AddParameter): Name = "Value"; Value = "4.7uF, 6.3V"; VariantName = "[No Variations]"
Change component parameters: Designator = "C114"; Footprint = "CAP0201"; UniqueID = "\IVJAOYLR"
Change component parameters. Clean all parameters for all variants
Change component parameters (AddParameter): Name = "Assembly Info"; Value = ""; VariantName = "[No Variations]"
Change component parameters (AddParameter): Name = "Capacitance"; Value = "4.7ÁF"; VariantName = "[No Variations]"
Change component parameters (AddParameter): Name = "Part Description"; Value = ""; VariantName = "[No Variations]"
Change component parameters (AddParameter): Name = "Value"; Value = "4.7uF, 6.3V"; VariantName = "[No Variations]"
Change component parameters: Designator = "C115"; Footprint = "CAP0201"; UniqueID = "\KKDWHSQL"
Change component parameters. Clean all parameters for all variants
Change component parameters (AddParameter): Name = "Assembly Info"; Value = ""; VariantName = "[No Variations]"
Change component parameters (AddParameter): Name = "Capacitance"; Value = "4.7ÁF"; VariantName = "[No Variations]"
Change component parameters (AddParameter): Name = "Part Description"; Value = ""; VariantName = "[No Variations]"
Change component parameters (AddParameter): Name = "Value"; Value = "4.7uF, 6.3V"; VariantName = "[No Variations]"
Change component parameters: Designator = "C118"; Footprint = "CAP0201"; UniqueID = "\NRDFCYRQ"
Change component parameters. Clean all parameters for all variants
Change component parameters (AddParameter): Name = "Assembly Info"; Value = ""; VariantName = "[No Variations]"
Change component parameters (AddParameter): Name = "Capacitance"; Value = "4.7ÁF"; VariantName = "[No Variations]"
Change component parameters (AddParameter): Name = "Part Description"; Value = ""; VariantName = "[No Variations]"
Change component parameters (AddParameter): Name = "Value"; Value = "4.7uF, 6.3V"; VariantName = "[No Variations]"
Change component parameters: Designator = "C119"; Footprint = "CAP0201"; UniqueID = "\MTOVRCAW"
Change component parameters. Clean all parameters for all variants
Change component parameters (AddParameter): Name = "Assembly Info"; Value = ""; VariantName = "[No Variations]"
Change component parameters (AddParameter): Name = "Capacitance"; Value = "4.7ÁF"; VariantName = "[No Variations]"
Change component parameters (AddParameter): Name = "Part Description"; Value = ""; VariantName = "[No Variations]"
Change component parameters (AddParameter): Name = "Value"; Value = "4.7uF, 6.3V"; VariantName = "[No Variations]"
Change component parameters: Designator = "C120"; Footprint = "CAP0201"; UniqueID = "\WTZDYYVX"
Change component parameters. Clean all parameters for all variants
Change component parameters (AddParameter): Name = "Assembly Info"; Value = ""; VariantName = "[No Variations]"
Change component parameters (AddParameter): Name = "Capacitance"; Value = "4.7ÁF"; VariantName = "[No Variations]"
Change component parameters (AddParameter): Name = "Part Description"; Value = ""; VariantName = "[No Variations]"
Change component parameters (AddParameter): Name = "Value"; Value = "4.7uF, 6.3V"; VariantName = "[No Variations]"
Change component parameters: Designator = "C122"; Footprint = "CAP0201"; UniqueID = "\ICJPHEUM"
Change component parameters. Clean all parameters for all variants
Change component parameters (AddParameter): Name = "Assembly Info"; Value = ""; VariantName = "[No Variations]"
Change component parameters (AddParameter): Name = "Capacitance"; Value = "4.7ÁF"; VariantName = "[No Variations]"
Change component parameters (AddParameter): Name = "Part Description"; Value = ""; VariantName = "[No Variations]"
Change component parameters (AddParameter): Name = "Value"; Value = "4.7uF, 6.3V"; VariantName = "[No Variations]"
Change component parameters: Designator = "C124"; Footprint = "CAP0201"; UniqueID = "\ZDDYNEZV"
Change component parameters. Clean all parameters for all variants
Change component parameters (AddParameter): Name = "Assembly Info"; Value = ""; VariantName = "[No Variations]"
Change component parameters (AddParameter): Name = "Capacitance"; Value = "4.7ÁF"; VariantName = "[No Variations]"
Change component parameters (AddParameter): Name = "Part Description"; Value = ""; VariantName = "[No Variations]"
Change component parameters (AddParameter): Name = "Value"; Value = "4.7uF, 6.3V"; VariantName = "[No Variations]"
Change component parameters: Designator = "C125"; Footprint = "CAP0201"; UniqueID = "\NWXRNGWJ"
Change component parameters. Clean all parameters for all variants
Change component parameters (AddParameter): Name = "Assembly Info"; Value = ""; VariantName = "[No Variations]"
Change component parameters (AddParameter): Name = "Capacitance"; Value = "4.7ÁF"; VariantName = "[No Variations]"
Change component parameters (AddParameter): Name = "Part Description"; Value = ""; VariantName = "[No Variations]"
Change component parameters (AddParameter): Name = "Value"; Value = "4.7uF, 6.3V"; VariantName = "[No Variations]"
Change component parameters: Designator = "C130"; Footprint = "CAP0201"; UniqueID = "\XTQVJJSB"
Change component parameters. Clean all parameters for all variants
Change component parameters (AddParameter): Name = "Assembly Info"; Value = ""; VariantName = "[No Variations]"
Change component parameters (AddParameter): Name = "Capacitance"; Value = "4.7ÁF"; VariantName = "[No Variations]"
Change component parameters (AddParameter): Name = "Part Description"; Value = ""; VariantName = "[No Variations]"
Change component parameters (AddParameter): Name = "Value"; Value = "4.7uF, 6.3V"; VariantName = "[No Variations]"
Change component parameters: Designator = "C132"; Footprint = "CAP0201"; UniqueID = "\CSKIYIZT"
Change component parameters. Clean all parameters for all variants
Change component parameters (AddParameter): Name = "Assembly Info"; Value = ""; VariantName = "[No Variations]"
Change component parameters (AddParameter): Name = "Capacitance"; Value = "4.7ÁF"; VariantName = "[No Variations]"
Change component parameters (AddParameter): Name = "Part Description"; Value = ""; VariantName = "[No Variations]"
Change component parameters (AddParameter): Name = "Value"; Value = "4.7uF, 6.3V"; VariantName = "[No Variations]"
Change component parameters: Designator = "C133"; Footprint = "CAP0201"; UniqueID = "\LWFXHOPY"
Change component parameters. Clean all parameters for all variants
Change component parameters (AddParameter): Name = "Assembly Info"; Value = ""; VariantName = "[No Variations]"
Change component parameters (AddParameter): Name = "Capacitance"; Value = "4.7ÁF"; VariantName = "[No Variations]"
Change component parameters (AddParameter): Name = "Part Description"; Value = ""; VariantName = "[No Variations]"
Change component parameters (AddParameter): Name = "Value"; Value = "4.7uF, 6.3V"; VariantName = "[No Variations]"
Change component parameters: Designator = "C134"; Footprint = "CAP0201"; UniqueID = "\VHSBEQIT"
Change component parameters. Clean all parameters for all variants
Change component parameters (AddParameter): Name = "Assembly Info"; Value = ""; VariantName = "[No Variations]"
Change component parameters (AddParameter): Name = "Capacitance"; Value = "4.7ÁF"; VariantName = "[No Variations]"
Change component parameters (AddParameter): Name = "Part Description"; Value = ""; VariantName = "[No Variations]"
Change component parameters (AddParameter): Name = "Value"; Value = "4.7uF, 6.3V"; VariantName = "[No Variations]"
Change component parameters: Designator = "C135"; Footprint = "CAP0201"; UniqueID = "\OWJRNGQH"
Change component parameters. Clean all parameters for all variants
Change component parameters (AddParameter): Name = "Assembly Info"; Value = ""; VariantName = "[No Variations]"
Change component parameters (AddParameter): Name = "Capacitance"; Value = "4.7ÁF"; VariantName = "[No Variations]"
Change component parameters (AddParameter): Name = "Part Description"; Value = ""; VariantName = "[No Variations]"
Change component parameters (AddParameter): Name = "Value"; Value = "4.7uF, 6.3V"; VariantName = "[No Variations]"
Change Net Name : Old Net Name=LA_TX_I_P New Net Name=NetR45_1
Change Net Name : Old Net Name=LA_TX_Q_P New Net Name=NetR50_1
Added Pin To Net: NetName=LA_TX_I_P Pin=IC6-A7
Added Net: Name=LA_TX_I_P
Added Pin To Net: NetName=LA_TX_Q_P Pin=IC6-A9
Added Net: Name=LA_TX_Q_P
Added Member To Class: ClassName=11_Clock Member=Component X6 U.FL/MMCX
